#
# A fatal error has been detected by the Java Runtime Environment:
#
#  EXCEPTION_ILLEGAL_INSTRUCTION (0xc000001d) at pc=0x00000271d6715e5e, pid=14200, tid=20648
#
# JRE version: OpenJDK Runtime Environment (11.0.2+9) (build 11.0.2+9)
# Java VM: OpenJDK 64-Bit Server VM (11.0.2+9, mixed mode, tiered, compressed oops, g1 gc, windows-amd64)
# Problematic frame:
# J 8550% c2 dx.rm(Ldx;II)V (1339 bytes) @ 0x00000271d6715e5e [0x00000271d67156e0+0x000000000000077e]
#
# No core dump will be written. Minidumps are not enabled by default on client versions of Windows
#
# If you would like to submit a bug report, please visit:
#   http://bugreport.java.com/bugreport/crash.jsp
#

---------------  S U M M A R Y ------------

Command Line: -javaagent:C:\Program Files\JetBrains\IntelliJ IDEA Community Edition 2023.3.2\lib\idea_rt.jar=51311:C:\Program Files\JetBrains\IntelliJ IDEA Community Edition 2023.3.2\bin -Dfile.encoding=UTF-8 net.runelite.client.RuneLite

Host: AMD Ryzen 7 7800X3D 8-Core Processor           , 16 cores, 63G,  Windows 10 , 64 bit Build 22621 (10.0.22621.2506)
Time: Thu Jan 25 14:45:04 2024 Central Standard Time elapsed time: 5 seconds (0d 0h 0m 5s)

---------------  T H R E A D  ---------------

Current thread (0x0000027192372800):  JavaThread "Client" daemon [_thread_in_Java, id=20648, stack(0x000000d9a54d0000,0x000000d9a55d0000)]

Stack: [0x000000d9a54d0000,0x000000d9a55d0000],  sp=0x000000d9a55ced00,  free space=1019k
Native frames: (J=compiled Java code, j=interpreted, Vv=VM code, C=native code)
C  0x00000271d6715e5e


siginfo: EXCEPTION_ILLEGAL_INSTRUCTION (0xc000001d)


Register to memory mapping:

RIP=0x00000271d6715e5e is at entry_point+1918 in (nmethod*)0x00000271d6715510
RAX=0x0 is NULL
RBX=0x0000000000000080 is an unknown value
RCX=0x0000000000000001 is an unknown value
RDX=0x0000000000000101 is an unknown value
RSP=0x000000d9a55ced00 is pointing into the stack for thread: 0x0000027192372800
RBP=0x0000000000000081 is an unknown value
RSI=0x0 is NULL
RDI=0x000000044ac40020 is an oop: [I 
{0x000000044ac40020} - klass: {type array int}
 - length: 32768
R8 =0x0000000000000081 is an unknown value
R9 =0xffffffffffffff81 is an unknown value
R10=0x00000000000000fe is an unknown value
R11=0x0000000000000001 is an unknown value
R12=0x0 is NULL
R13=0x0000000000000001 is an unknown value
R14=0x000000044ac20010 is an oop: [I 
{0x000000044ac20010} - klass: {type array int}
 - length: 32768
R15=0x0000027192372800 is a thread


Registers:
RAX=0x0000000000000000, RBX=0x0000000000000080, RCX=0x0000000000000001, RDX=0x0000000000000101
RSP=0x000000d9a55ced00, RBP=0x0000000000000081, RSI=0x0000000000000000, RDI=0x000000044ac40020
R8 =0x0000000000000081, R9 =0xffffffffffffff81, R10=0x00000000000000fe, R11=0x0000000000000001
R12=0x0000000000000000, R13=0x0000000000000001, R14=0x000000044ac20010, R15=0x0000027192372800
RIP=0x00000271d6715e5e, EFLAGS=0x0000000000010286

Top of Stack: (sp=0x000000d9a55ced00)
0x000000d9a55ced00:   00000271fb67bf10 0000000000000000
0x000000d9a55ced10:   000000d9a55ced90 000000d9a55cedf0
0x000000d9a55ced20:   0000800000000003 ffffffff00000080
0x000000d9a55ced30:   058f55ae00000001 0000000000000000
0x000000d9a55ced40:   8958800489584002 000000044b3d1778
0x000000d9a55ced50:   0000000000008000 000000044ac20010
0x000000d9a55ced60:   000000044ac20010 00000000ffffff81
0x000000d9a55ced70:   0000000000000000 0000000000000000
0x000000d9a55ced80:   000000d9a55cedf0 00000271ce649e67
0x000000d9a55ced90:   deaddeaf058f55ae 0000000000000000
0x000000d9a55ceda0:   000000044b3d1778 000000d9a55ceda8
0x000000d9a55cedb0:   00000271fb677cd0 000000d9a55cee48
0x000000d9a55cedc0:   0000027197dd1a60 0000000000000000
0x000000d9a55cedd0:   000000041114f2f8 00000271fb677d68
0x000000d9a55cede0:   000000d9a55ced90 000000d9a55cee30
0x000000d9a55cedf0:   000000d9a55cee98 00000271ce649e67 

Instructions: (pc=0x00000271d6715e5e)
0x00000271d6715e3e:   8b 44 24 34 89 44 24 24 48 8b 44 24 f8 44 89 5c
0x00000271d6715e4e:   24 34 89 4c 24 38 66 66 90 e8 24 21 f3 f7 0f 0b
0x00000271d6715e5e:   0f 0b 89 44 24 20 8b ee e9 70 fe ff ff 45 33 db
0x00000271d6715e6e:   ba 7e ff ff ff 4c 89 5c 24 20 48 89 44 24 f8 8b 


Stack slot to memory mapping:
stack at sp + 0 slots: {method} {0x00000271fb67bf18} 'rm' '(Ldx;II)V' in 'dx'
stack at sp + 1 slots: 0x0 is NULL
stack at sp + 2 slots: 0x000000d9a55ced90 is pointing into the stack for thread: 0x0000027192372800
stack at sp + 3 slots: 0x000000d9a55cedf0 is pointing into the stack for thread: 0x0000027192372800
stack at sp + 4 slots: 0x0000800000000003 is an unknown value
stack at sp + 5 slots: 0xffffffff00000080 is an unknown value
stack at sp + 6 slots: 0x058f55ae00000001 is an unknown value
stack at sp + 7 slots: 0x0 is NULL



---------------  P R O C E S S  ---------------

Threads class SMR info:
_java_thread_list=0x0000027194962770, length=43, elements={
0x00000271f6d06000, 0x00000271f6d0f800, 0x00000271f6d6d800, 0x00000271f6d6e800,
0x00000271f6d70000, 0x00000271f6d77000, 0x00000271f6d28800, 0x00000271f6edc000,
0x00000271f6ee1000, 0x00000271f79e3800, 0x00000271f7a4f000, 0x00000271f8c52800,
0x00000271f86c8800, 0x00000271f8731000, 0x00000271f8717800, 0x0000027192061800,
0x0000027191f3c800, 0x000002719221b000, 0x000002719236f800, 0x0000027192372000,
0x000002719236d000, 0x000002719236c000, 0x000002719236e000, 0x0000027192372800,
0x000002719236e800, 0x0000027192370000, 0x0000027192371000, 0x00000271925ce000,
0x0000027194ffc800, 0x0000027194ffd000, 0x0000027194870800, 0x0000027194874800,
0x0000027193744800, 0x0000027194871000, 0x00000271955ed000, 0x0000027194877000,
0x0000027194bed800, 0x0000027194872800, 0x0000027194872000, 0x0000027194876000,
0x0000027194875000, 0x0000027194873800, 0x0000027195ac1800
}

Java Threads: ( => current thread )
  0x00000271f6d06000 JavaThread "Reference Handler" daemon [_thread_blocked, id=19416, stack(0x000000d9a2d00000,0x000000d9a2e00000)]
  0x00000271f6d0f800 JavaThread "Finalizer" daemon [_thread_blocked, id=5008, stack(0x000000d9a2e00000,0x000000d9a2f00000)]
  0x00000271f6d6d800 JavaThread "Signal Dispatcher" daemon [_thread_blocked, id=20472, stack(0x000000d9a2f00000,0x000000d9a3000000)]
  0x00000271f6d6e800 JavaThread "Attach Listener" daemon [_thread_blocked, id=5404, stack(0x000000d9a3000000,0x000000d9a3100000)]
  0x00000271f6d70000 JavaThread "C2 CompilerThread0" daemon [_thread_blocked, id=16424, stack(0x000000d9a3100000,0x000000d9a3200000)]
  0x00000271f6d77000 JavaThread "C1 CompilerThread0" daemon [_thread_blocked, id=20748, stack(0x000000d9a3200000,0x000000d9a3300000)]
  0x00000271f6d28800 JavaThread "Sweeper thread" daemon [_thread_blocked, id=18668, stack(0x000000d9a3300000,0x000000d9a3400000)]
  0x00000271f6edc000 JavaThread "Common-Cleaner" daemon [_thread_blocked, id=8460, stack(0x000000d9a3400000,0x000000d9a3500000)]
  0x00000271f6ee1000 JavaThread "C1 CompilerThread1" daemon [_thread_blocked, id=15660, stack(0x000000d9a3500000,0x000000d9a3600000)]
  0x00000271f79e3800 JavaThread "Monitor Ctrl-Break" daemon [_thread_in_native, id=19544, stack(0x000000d9a3900000,0x000000d9a3a00000)]
  0x00000271f7a4f000 JavaThread "Service Thread" daemon [_thread_blocked, id=2384, stack(0x000000d9a3a00000,0x000000d9a3b00000)]
  0x00000271f8c52800 JavaThread "Java2D Disposer" daemon [_thread_blocked, id=20696, stack(0x000000d9a3e00000,0x000000d9a3f00000)]
  0x00000271f86c8800 JavaThread "AWT-Shutdown" [_thread_blocked, id=20440, stack(0x000000d9a3f00000,0x000000d9a4000000)]
  0x00000271f8731000 JavaThread "AWT-Windows" daemon [_thread_in_native, id=17996, stack(0x000000d9a4000000,0x000000d9a4100000)]
  0x00000271f8717800 JavaThread "AWT-EventQueue-0" [_thread_blocked, id=5392, stack(0x000000d9a4100000,0x000000d9a4200000)]
  0x0000027192061800 JavaThread "TimerQueue" daemon [_thread_blocked, id=13776, stack(0x000000d9a52d0000,0x000000d9a53d0000)]
  0x0000027191f3c800 JavaThread "D3D Screen Updater" daemon [_thread_blocked, id=21416, stack(0x000000d9a53d0000,0x000000d9a54d0000)]
  0x000002719221b000 JavaThread "OkHttp Dispatcher" [_thread_blocked, id=20064, stack(0x000000d9a55d0000,0x000000d9a56d0000)]
  0x000002719236f800 JavaThread "OkHttp ConnectionPool" daemon [_thread_blocked, id=17176, stack(0x000000d9a58d0000,0x000000d9a59d0000)]
  0x0000027192372000 JavaThread "Okio Watchdog" daemon [_thread_blocked, id=18212, stack(0x000000d9a59d0000,0x000000d9a5ad0000)]
  0x000002719236d000 JavaThread "pool-3-thread-1" [_thread_blocked, id=19204, stack(0x000000d9a3700000,0x000000d9a3800000)]
  0x000002719236c000 JavaThread "pool-2-thread-1" [_thread_blocked, id=15124, stack(0x000000d9a5ad0000,0x000000d9a5bd0000)]
  0x000002719236e000 JavaThread "Thread-0" daemon [_thread_blocked, id=14700, stack(0x000000d9a3600000,0x000000d9a3700000)]
=>0x0000027192372800 JavaThread "Client" daemon [_thread_in_Java, id=20648, stack(0x000000d9a54d0000,0x000000d9a55d0000)]
  0x000002719236e800 JavaThread "Thread-2" daemon [_thread_blocked, id=11412, stack(0x000000d9a56d0000,0x000000d9a57d0000)]
  0x0000027192370000 JavaThread "Thread-3" daemon [_thread_in_native, id=19820, stack(0x000000d9a5bd0000,0x000000d9a5cd0000)]
  0x0000027192371000 JavaThread "Thread-4" daemon [_thread_blocked, id=7240, stack(0x000000d9a5cd0000,0x000000d9a5dd0000)]
  0x00000271925ce000 JavaThread "C2 CompilerThread1" daemon [_thread_blocked, id=21204, stack(0x000000d9a5dd0000,0x000000d9a5ed0000)]
  0x0000027194ffc800 JavaThread "C2 CompilerThread2" daemon [_thread_blocked, id=17696, stack(0x000000d9a5ed0000,0x000000d9a5fd0000)]
  0x0000027194ffd000 JavaThread "C2 CompilerThread3" daemon [_thread_blocked, id=20712, stack(0x000000d9a5fd0000,0x000000d9a60d0000)]
  0x0000027194870800 JavaThread "OkHttp api.runelite.net Writer" [_thread_blocked, id=20492, stack(0x000000d9a60d0000,0x000000d9a61d0000)]
  0x0000027194874800 JavaThread "OkHttp api.runelite.net" [_thread_in_native, id=20864, stack(0x000000d9a61d0000,0x000000d9a62d0000)]
  0x0000027193744800 JavaThread "C1 CompilerThread2" daemon [_thread_blocked, id=5556, stack(0x000000d9a62d0000,0x000000d9a63d0000)]
  0x0000027194871000 JavaThread "OkHttp Http2Connection" daemon [_thread_blocked, id=20524, stack(0x000000d9a64d0000,0x000000d9a65d0000)]
  0x00000271955ed000 JavaThread "C2 CompilerThread4" daemon [_thread_blocked, id=21228, stack(0x000000d9a66d0000,0x000000d9a67d0000)]
  0x0000027194877000 JavaThread "Image Fetcher 0" daemon [_thread_blocked, id=15200, stack(0x000000d9a6ad0000,0x000000d9a6bd0000)]
  0x0000027194bed800 JavaThread "C1 CompilerThread3" daemon [_thread_blocked, id=17184, stack(0x000000d9a6bd0000,0x000000d9a6cd0000)]
  0x0000027194872800 JavaThread "pool-4-thread-1" [_thread_in_native, id=17980, stack(0x000000d9a6cd0000,0x000000d9a6dd0000)]
  0x0000027194872000 JavaThread "cache io" daemon [_thread_blocked, id=20076, stack(0x000000d9a6fd0000,0x000000d9a70d0000)]
  0x0000027194876000 JavaThread "DestroyJavaVM" [_thread_blocked, id=6352, stack(0x000000d9a2600000,0x000000d9a2700000)]
  0x0000027194875000 JavaThread "Java Sound Event Dispatcher" daemon [_thread_blocked, id=19000, stack(0x000000d9a73d0000,0x000000d9a74d0000)]
  0x0000027194873800 JavaThread "Sound Engine" [_thread_blocked, id=21368, stack(0x000000d9a76d0000,0x000000d9a77d0000)]
  0x0000027195ac1800 JavaThread "Thread-7" daemon [_thread_blocked, id=19884, stack(0x000000d9a78d0000,0x000000d9a79d0000)]

Other Threads:
  0x00000271f6ce2000 VMThread "VM Thread" [stack: 0x000000d9a2c00000,0x000000d9a2d00000] [id=20820]
  0x00000271f7b1a800 WatcherThread [stack: 0x000000d9a3b00000,0x000000d9a3c00000] [id=8480]
  0x00000271c6345000 GCTaskThread "GC Thread#0" [stack: 0x000000d9a2700000,0x000000d9a2800000] [id=7204]
  0x0000027191daf000 GCTaskThread "GC Thread#1" [stack: 0x000000d9a43d0000,0x000000d9a44d0000] [id=16812]
  0x0000027191daf800 GCTaskThread "GC Thread#2" [stack: 0x000000d9a44d0000,0x000000d9a45d0000] [id=15004]
  0x0000027191db0000 GCTaskThread "GC Thread#3" [stack: 0x000000d9a45d0000,0x000000d9a46d0000] [id=19880]
  0x0000027191db1000 GCTaskThread "GC Thread#4" [stack: 0x000000d9a46d0000,0x000000d9a47d0000] [id=21408]
  0x0000027191db1800 GCTaskThread "GC Thread#5" [stack: 0x000000d9a47d0000,0x000000d9a48d0000] [id=13336]
  0x0000027191db2800 GCTaskThread "GC Thread#6" [stack: 0x000000d9a48d0000,0x000000d9a49d0000] [id=18112]
  0x0000027191db3000 GCTaskThread "GC Thread#7" [stack: 0x000000d9a49d0000,0x000000d9a4ad0000] [id=21320]
  0x0000027191db7800 GCTaskThread "GC Thread#8" [stack: 0x000000d9a4ad0000,0x000000d9a4bd0000] [id=20620]
  0x0000027191dba800 GCTaskThread "GC Thread#9" [stack: 0x000000d9a4bd0000,0x000000d9a4cd0000] [id=20888]
  0x0000027191db6000 GCTaskThread "GC Thread#10" [stack: 0x000000d9a4cd0000,0x000000d9a4dd0000] [id=20664]
  0x0000027191db8000 GCTaskThread "GC Thread#11" [stack: 0x000000d9a4dd0000,0x000000d9a4ed0000] [id=20200]
  0x0000027191db9000 GCTaskThread "GC Thread#12" [stack: 0x000000d9a4ed0000,0x000000d9a4fd0000] [id=18612]
  0x00000271f3b88000 ConcurrentGCThread "G1 Main Marker" [stack: 0x000000d9a2800000,0x000000d9a2900000] [id=20240]
  0x00000271c63fc800 ConcurrentGCThread "G1 Conc#0" [stack: 0x000000d9a2900000,0x000000d9a2a00000] [id=16656]
  0x0000027191db9800 ConcurrentGCThread "G1 Conc#1" [stack: 0x000000d9a4fd0000,0x000000d9a50d0000] [id=18844]
  0x0000027191db4000 ConcurrentGCThread "G1 Conc#2" [stack: 0x000000d9a50d0000,0x000000d9a51d0000] [id=21396]
  0x00000271f3d57000 ConcurrentGCThread "G1 Refine#0" [stack: 0x000000d9a2a00000,0x000000d9a2b00000] [id=2028]
  0x0000027191db5000 ConcurrentGCThread "G1 Refine#1" [stack: 0x000000d9a63d0000,0x000000d9a64d0000] [id=15980]
  0x00000271f3d58000 ConcurrentGCThread "G1 Young RemSet Sampling" [stack: 0x000000d9a2b00000,0x000000d9a2c00000] [id=21332]

Threads with active compile tasks:

VM state:not at safepoint (normal execution)

VM Mutex/Monitor currently owned by a thread: None

Heap address: 0x000000040e000000, size: 16160 MB, Compressed Oops mode: Zero based, Oop shift amount: 3
Narrow klass base: 0x0000000800000000, Narrow klass shift: 0
Compressed class space size: 1073741824 Address: 0x0000000800000000

Heap:
 garbage-first heap   total 1036288K, used 186984K [0x000000040e000000, 0x0000000800000000)
  region size 4096K, 22 young (90112K), 5 survivors (20480K)
 Metaspace       used 71816K, capacity 74039K, committed 74160K, reserved 1114112K
  class space    used 7966K, capacity 8902K, committed 8960K, reserved 1048576K
Heap Regions: E=young(eden), S=young(survivor), O=old, HS=humongous(starts), HC=humongous(continues), CS=collection set, F=free, A=archive, TAMS=top-at-mark-start (previous, next)
|   0|0x000000040e000000, 0x000000040e400000, 0x000000040e400000|100%| O|  |TAMS 0x000000040e400000, 0x000000040e000000| Untracked 
|   1|0x000000040e400000, 0x000000040e800000, 0x000000040e800000|100%| O|  |TAMS 0x000000040e610800, 0x000000040e400000| Untracked 
|   2|0x000000040e800000, 0x000000040ec00000, 0x000000040ec00000|100%|HS|  |TAMS 0x000000040e800000, 0x000000040e800000| Complete 
|   3|0x000000040ec00000, 0x000000040f000000, 0x000000040f000000|100%|HS|  |TAMS 0x000000040ec00000, 0x000000040ec00000| Complete 
|   4|0x000000040f000000, 0x000000040f400000, 0x000000040f400000|100%|HC|  |TAMS 0x000000040f000000, 0x000000040f000000| Complete 
|   5|0x000000040f400000, 0x000000040f800000, 0x000000040f800000|100%| O|  |TAMS 0x000000040f400000, 0x000000040f400000| Untracked 
|   6|0x000000040f800000, 0x000000040fc00000, 0x000000040fc00000|100%| O|  |TAMS 0x000000040f800000, 0x000000040f800000| Untracked 
|   7|0x000000040fc00000, 0x0000000410000000, 0x0000000410000000|100%| O|  |TAMS 0x000000040fc00000, 0x000000040fc00000| Untracked 
|   8|0x0000000410000000, 0x0000000410400000, 0x0000000410400000|100%| O|  |TAMS 0x0000000410000000, 0x0000000410000000| Untracked 
|   9|0x0000000410400000, 0x0000000410800000, 0x0000000410800000|100%| O|  |TAMS 0x0000000410400000, 0x0000000410400000| Untracked 
|  10|0x0000000410800000, 0x0000000410c00000, 0x0000000410c00000|100%| O|  |TAMS 0x0000000410800000, 0x0000000410800000| Untracked 
|  11|0x0000000410c00000, 0x0000000411000000, 0x0000000411000000|100%| O|  |TAMS 0x0000000410c00000, 0x0000000410c00000| Untracked 
|  12|0x0000000411000000, 0x0000000411400000, 0x0000000411400000|100%| O|  |TAMS 0x0000000411000000, 0x0000000411000000| Untracked 
|  13|0x0000000411400000, 0x0000000411800000, 0x0000000411800000|100%| O|  |TAMS 0x0000000411400000, 0x0000000411400000| Untracked 
|  14|0x0000000411800000, 0x0000000411c00000, 0x0000000411c00000|100%| O|  |TAMS 0x0000000411800000, 0x0000000411800000| Untracked 
|  15|0x0000000411c00000, 0x0000000412000000, 0x0000000412000000|100%| O|  |TAMS 0x0000000411c00000, 0x0000000411c00000| Untracked 
|  16|0x0000000412000000, 0x0000000412400000, 0x0000000412400000|100%| O|  |TAMS 0x0000000412000000, 0x0000000412000000| Untracked 
|  17|0x0000000412400000, 0x0000000412800000, 0x0000000412800000|100%| O|  |TAMS 0x0000000412400000, 0x0000000412400000| Untracked 
|  18|0x0000000412800000, 0x0000000412c00000, 0x0000000412c00000|100%| O|  |TAMS 0x0000000412800000, 0x0000000412800000| Untracked 
|  19|0x0000000412c00000, 0x0000000413000000, 0x0000000413000000|100%| O|  |TAMS 0x0000000412c00000, 0x0000000412c00000| Untracked 
|  20|0x0000000413000000, 0x0000000413400000, 0x0000000413400000|100%| O|  |TAMS 0x0000000413000000, 0x0000000413000000| Untracked 
|  21|0x0000000413400000, 0x000000041369a200, 0x0000000413800000| 65%| O|  |TAMS 0x0000000413400000, 0x0000000413400000| Untracked 
|  22|0x0000000413800000, 0x0000000413c00000, 0x0000000413c00000|100%|HS|  |TAMS 0x0000000413800000, 0x0000000413800000| Complete 
|  23|0x0000000413c00000, 0x0000000414000000, 0x0000000414000000|100%|HC|  |TAMS 0x0000000413c00000, 0x0000000413c00000| Complete 
|  24|0x0000000414000000, 0x0000000414400000, 0x0000000414400000|100%|HC|  |TAMS 0x0000000414000000, 0x0000000414000000| Complete 
|  25|0x0000000414400000, 0x0000000414800000, 0x0000000414800000|100%|HC|  |TAMS 0x0000000414400000, 0x0000000414400000| Complete 
|  26|0x0000000414800000, 0x0000000414800000, 0x0000000414c00000|  0%| F|  |TAMS 0x0000000414800000, 0x0000000414800000| Untracked 
|  27|0x0000000414c00000, 0x0000000414c00000, 0x0000000415000000|  0%| F|  |TAMS 0x0000000414c00000, 0x0000000414c00000| Untracked 
|  28|0x0000000415000000, 0x0000000415000000, 0x0000000415400000|  0%| F|  |TAMS 0x0000000415000000, 0x0000000415000000| Untracked 
|  29|0x0000000415400000, 0x0000000415400000, 0x0000000415800000|  0%| F|  |TAMS 0x0000000415400000, 0x0000000415400000| Untracked 
|  30|0x0000000415800000, 0x0000000415800000, 0x0000000415c00000|  0%| F|  |TAMS 0x0000000415800000, 0x0000000415800000| Untracked 
|  31|0x0000000415c00000, 0x0000000415c00000, 0x0000000416000000|  0%| F|  |TAMS 0x0000000415c00000, 0x0000000415c00000| Untracked 
|  32|0x0000000416000000, 0x0000000416000000, 0x0000000416400000|  0%| F|  |TAMS 0x0000000416000000, 0x0000000416000000| Untracked 
|  33|0x0000000416400000, 0x0000000416400000, 0x0000000416800000|  0%| F|  |TAMS 0x0000000416400000, 0x0000000416400000| Untracked 
|  34|0x0000000416800000, 0x0000000416800000, 0x0000000416c00000|  0%| F|  |TAMS 0x0000000416800000, 0x0000000416800000| Untracked 
|  35|0x0000000416c00000, 0x0000000416c00000, 0x0000000417000000|  0%| F|  |TAMS 0x0000000416c00000, 0x0000000416c00000| Untracked 
|  36|0x0000000417000000, 0x0000000417000000, 0x0000000417400000|  0%| F|  |TAMS 0x0000000417000000, 0x0000000417000000| Untracked 
|  37|0x0000000417400000, 0x0000000417400000, 0x0000000417800000|  0%| F|  |TAMS 0x0000000417400000, 0x0000000417400000| Untracked 
|  38|0x0000000417800000, 0x0000000417800000, 0x0000000417c00000|  0%| F|  |TAMS 0x0000000417800000, 0x0000000417800000| Untracked 
|  39|0x0000000417c00000, 0x0000000417c00000, 0x0000000418000000|  0%| F|  |TAMS 0x0000000417c00000, 0x0000000417c00000| Untracked 
|  40|0x0000000418000000, 0x0000000418000000, 0x0000000418400000|  0%| F|  |TAMS 0x0000000418000000, 0x0000000418000000| Untracked 
|  41|0x0000000418400000, 0x0000000418400000, 0x0000000418800000|  0%| F|  |TAMS 0x0000000418400000, 0x0000000418400000| Untracked 
|  42|0x0000000418800000, 0x0000000418800000, 0x0000000418c00000|  0%| F|  |TAMS 0x0000000418800000, 0x0000000418800000| Untracked 
|  43|0x0000000418c00000, 0x0000000418c00000, 0x0000000419000000|  0%| F|  |TAMS 0x0000000418c00000, 0x0000000418c00000| Untracked 
|  44|0x0000000419000000, 0x0000000419000000, 0x0000000419400000|  0%| F|  |TAMS 0x0000000419000000, 0x0000000419000000| Untracked 
|  45|0x0000000419400000, 0x0000000419400000, 0x0000000419800000|  0%| F|  |TAMS 0x0000000419400000, 0x0000000419400000| Untracked 
|  46|0x0000000419800000, 0x0000000419800000, 0x0000000419c00000|  0%| F|  |TAMS 0x0000000419800000, 0x0000000419800000| Untracked 
|  47|0x0000000419c00000, 0x0000000419c00000, 0x000000041a000000|  0%| F|  |TAMS 0x0000000419c00000, 0x0000000419c00000| Untracked 
|  48|0x000000041a000000, 0x000000041a000000, 0x000000041a400000|  0%| F|  |TAMS 0x000000041a000000, 0x000000041a000000| Untracked 
|  49|0x000000041a400000, 0x000000041a400000, 0x000000041a800000|  0%| F|  |TAMS 0x000000041a400000, 0x000000041a400000| Untracked 
|  50|0x000000041a800000, 0x000000041a800000, 0x000000041ac00000|  0%| F|  |TAMS 0x000000041a800000, 0x000000041a800000| Untracked 
|  51|0x000000041ac00000, 0x000000041ac00000, 0x000000041b000000|  0%| F|  |TAMS 0x000000041ac00000, 0x000000041ac00000| Untracked 
|  52|0x000000041b000000, 0x000000041b000000, 0x000000041b400000|  0%| F|  |TAMS 0x000000041b000000, 0x000000041b000000| Untracked 
|  53|0x000000041b400000, 0x000000041b400000, 0x000000041b800000|  0%| F|  |TAMS 0x000000041b400000, 0x000000041b400000| Untracked 
|  54|0x000000041b800000, 0x000000041b800000, 0x000000041bc00000|  0%| F|  |TAMS 0x000000041b800000, 0x000000041b800000| Untracked 
|  55|0x000000041bc00000, 0x000000041bc00000, 0x000000041c000000|  0%| F|  |TAMS 0x000000041bc00000, 0x000000041bc00000| Untracked 
|  56|0x000000041c000000, 0x000000041c000000, 0x000000041c400000|  0%| F|  |TAMS 0x000000041c000000, 0x000000041c000000| Untracked 
|  57|0x000000041c400000, 0x000000041c400000, 0x000000041c800000|  0%| F|  |TAMS 0x000000041c400000, 0x000000041c400000| Untracked 
|  58|0x000000041c800000, 0x000000041c800000, 0x000000041cc00000|  0%| F|  |TAMS 0x000000041c800000, 0x000000041c800000| Untracked 
|  59|0x000000041cc00000, 0x000000041cc00000, 0x000000041d000000|  0%| F|  |TAMS 0x000000041cc00000, 0x000000041cc00000| Untracked 
|  60|0x000000041d000000, 0x000000041d000000, 0x000000041d400000|  0%| F|  |TAMS 0x000000041d000000, 0x000000041d000000| Untracked 
|  61|0x000000041d400000, 0x000000041d400000, 0x000000041d800000|  0%| F|  |TAMS 0x000000041d400000, 0x000000041d400000| Untracked 
|  62|0x000000041d800000, 0x000000041d800000, 0x000000041dc00000|  0%| F|  |TAMS 0x000000041d800000, 0x000000041d800000| Untracked 
|  63|0x000000041dc00000, 0x000000041dc00000, 0x000000041e000000|  0%| F|  |TAMS 0x000000041dc00000, 0x000000041dc00000| Untracked 
|  64|0x000000041e000000, 0x000000041e000000, 0x000000041e400000|  0%| F|  |TAMS 0x000000041e000000, 0x000000041e000000| Untracked 
|  65|0x000000041e400000, 0x000000041e400000, 0x000000041e800000|  0%| F|  |TAMS 0x000000041e400000, 0x000000041e400000| Untracked 
|  66|0x000000041e800000, 0x000000041e800000, 0x000000041ec00000|  0%| F|  |TAMS 0x000000041e800000, 0x000000041e800000| Untracked 
|  67|0x000000041ec00000, 0x000000041ec00000, 0x000000041f000000|  0%| F|  |TAMS 0x000000041ec00000, 0x000000041ec00000| Untracked 
|  68|0x000000041f000000, 0x000000041f000000, 0x000000041f400000|  0%| F|  |TAMS 0x000000041f000000, 0x000000041f000000| Untracked 
|  69|0x000000041f400000, 0x000000041f400000, 0x000000041f800000|  0%| F|  |TAMS 0x000000041f400000, 0x000000041f400000| Untracked 
|  70|0x000000041f800000, 0x000000041f800000, 0x000000041fc00000|  0%| F|  |TAMS 0x000000041f800000, 0x000000041f800000| Untracked 
|  71|0x000000041fc00000, 0x000000041fc00000, 0x0000000420000000|  0%| F|  |TAMS 0x000000041fc00000, 0x000000041fc00000| Untracked 
|  72|0x0000000420000000, 0x0000000420000000, 0x0000000420400000|  0%| F|  |TAMS 0x0000000420000000, 0x0000000420000000| Untracked 
|  73|0x0000000420400000, 0x0000000420400000, 0x0000000420800000|  0%| F|  |TAMS 0x0000000420400000, 0x0000000420400000| Untracked 
|  74|0x0000000420800000, 0x0000000420800000, 0x0000000420c00000|  0%| F|  |TAMS 0x0000000420800000, 0x0000000420800000| Untracked 
|  75|0x0000000420c00000, 0x0000000420c00000, 0x0000000421000000|  0%| F|  |TAMS 0x0000000420c00000, 0x0000000420c00000| Untracked 
|  76|0x0000000421000000, 0x0000000421000000, 0x0000000421400000|  0%| F|  |TAMS 0x0000000421000000, 0x0000000421000000| Untracked 
|  77|0x0000000421400000, 0x0000000421400000, 0x0000000421800000|  0%| F|  |TAMS 0x0000000421400000, 0x0000000421400000| Untracked 
|  78|0x0000000421800000, 0x0000000421800000, 0x0000000421c00000|  0%| F|  |TAMS 0x0000000421800000, 0x0000000421800000| Untracked 
|  79|0x0000000421c00000, 0x0000000421c00000, 0x0000000422000000|  0%| F|  |TAMS 0x0000000421c00000, 0x0000000421c00000| Untracked 
|  80|0x0000000422000000, 0x0000000422000000, 0x0000000422400000|  0%| F|  |TAMS 0x0000000422000000, 0x0000000422000000| Untracked 
|  81|0x0000000422400000, 0x0000000422400000, 0x0000000422800000|  0%| F|  |TAMS 0x0000000422400000, 0x0000000422400000| Untracked 
|  82|0x0000000422800000, 0x0000000422800000, 0x0000000422c00000|  0%| F|  |TAMS 0x0000000422800000, 0x0000000422800000| Untracked 
|  83|0x0000000422c00000, 0x0000000422c00000, 0x0000000423000000|  0%| F|  |TAMS 0x0000000422c00000, 0x0000000422c00000| Untracked 
|  84|0x0000000423000000, 0x0000000423000000, 0x0000000423400000|  0%| F|  |TAMS 0x0000000423000000, 0x0000000423000000| Untracked 
|  85|0x0000000423400000, 0x0000000423400000, 0x0000000423800000|  0%| F|  |TAMS 0x0000000423400000, 0x0000000423400000| Untracked 
|  86|0x0000000423800000, 0x0000000423800000, 0x0000000423c00000|  0%| F|  |TAMS 0x0000000423800000, 0x0000000423800000| Untracked 
|  87|0x0000000423c00000, 0x0000000423c00000, 0x0000000424000000|  0%| F|  |TAMS 0x0000000423c00000, 0x0000000423c00000| Untracked 
|  88|0x0000000424000000, 0x0000000424000000, 0x0000000424400000|  0%| F|  |TAMS 0x0000000424000000, 0x0000000424000000| Untracked 
|  89|0x0000000424400000, 0x0000000424400000, 0x0000000424800000|  0%| F|  |TAMS 0x0000000424400000, 0x0000000424400000| Untracked 
|  90|0x0000000424800000, 0x0000000424800000, 0x0000000424c00000|  0%| F|  |TAMS 0x0000000424800000, 0x0000000424800000| Untracked 
|  91|0x0000000424c00000, 0x0000000424c00000, 0x0000000425000000|  0%| F|  |TAMS 0x0000000424c00000, 0x0000000424c00000| Untracked 
|  92|0x0000000425000000, 0x0000000425000000, 0x0000000425400000|  0%| F|  |TAMS 0x0000000425000000, 0x0000000425000000| Untracked 
|  93|0x0000000425400000, 0x0000000425400000, 0x0000000425800000|  0%| F|  |TAMS 0x0000000425400000, 0x0000000425400000| Untracked 
|  94|0x0000000425800000, 0x0000000425800000, 0x0000000425c00000|  0%| F|  |TAMS 0x0000000425800000, 0x0000000425800000| Untracked 
|  95|0x0000000425c00000, 0x0000000425c00000, 0x0000000426000000|  0%| F|  |TAMS 0x0000000425c00000, 0x0000000425c00000| Untracked 
|  96|0x0000000426000000, 0x0000000426000000, 0x0000000426400000|  0%| F|  |TAMS 0x0000000426000000, 0x0000000426000000| Untracked 
|  97|0x0000000426400000, 0x0000000426400000, 0x0000000426800000|  0%| F|  |TAMS 0x0000000426400000, 0x0000000426400000| Untracked 
|  98|0x0000000426800000, 0x0000000426800000, 0x0000000426c00000|  0%| F|  |TAMS 0x0000000426800000, 0x0000000426800000| Untracked 
|  99|0x0000000426c00000, 0x0000000426c00000, 0x0000000427000000|  0%| F|  |TAMS 0x0000000426c00000, 0x0000000426c00000| Untracked 
| 100|0x0000000427000000, 0x0000000427000000, 0x0000000427400000|  0%| F|  |TAMS 0x0000000427000000, 0x0000000427000000| Untracked 
| 101|0x0000000427400000, 0x0000000427400000, 0x0000000427800000|  0%| F|  |TAMS 0x0000000427400000, 0x0000000427400000| Untracked 
| 102|0x0000000427800000, 0x0000000427800000, 0x0000000427c00000|  0%| F|  |TAMS 0x0000000427800000, 0x0000000427800000| Untracked 
| 103|0x0000000427c00000, 0x0000000427c00000, 0x0000000428000000|  0%| F|  |TAMS 0x0000000427c00000, 0x0000000427c00000| Untracked 
| 104|0x0000000428000000, 0x0000000428000000, 0x0000000428400000|  0%| F|  |TAMS 0x0000000428000000, 0x0000000428000000| Untracked 
| 105|0x0000000428400000, 0x0000000428400000, 0x0000000428800000|  0%| F|  |TAMS 0x0000000428400000, 0x0000000428400000| Untracked 
| 106|0x0000000428800000, 0x0000000428800000, 0x0000000428c00000|  0%| F|  |TAMS 0x0000000428800000, 0x0000000428800000| Untracked 
| 107|0x0000000428c00000, 0x0000000428c00000, 0x0000000429000000|  0%| F|  |TAMS 0x0000000428c00000, 0x0000000428c00000| Untracked 
| 108|0x0000000429000000, 0x0000000429000000, 0x0000000429400000|  0%| F|  |TAMS 0x0000000429000000, 0x0000000429000000| Untracked 
| 109|0x0000000429400000, 0x0000000429400000, 0x0000000429800000|  0%| F|  |TAMS 0x0000000429400000, 0x0000000429400000| Untracked 
| 110|0x0000000429800000, 0x0000000429800000, 0x0000000429c00000|  0%| F|  |TAMS 0x0000000429800000, 0x0000000429800000| Untracked 
| 111|0x0000000429c00000, 0x0000000429c00000, 0x000000042a000000|  0%| F|  |TAMS 0x0000000429c00000, 0x0000000429c00000| Untracked 
| 112|0x000000042a000000, 0x000000042a000000, 0x000000042a400000|  0%| F|  |TAMS 0x000000042a000000, 0x000000042a000000| Untracked 
| 113|0x000000042a400000, 0x000000042a400000, 0x000000042a800000|  0%| F|  |TAMS 0x000000042a400000, 0x000000042a400000| Untracked 
| 114|0x000000042a800000, 0x000000042a800000, 0x000000042ac00000|  0%| F|  |TAMS 0x000000042a800000, 0x000000042a800000| Untracked 
| 115|0x000000042ac00000, 0x000000042ac00000, 0x000000042b000000|  0%| F|  |TAMS 0x000000042ac00000, 0x000000042ac00000| Untracked 
| 116|0x000000042b000000, 0x000000042b000000, 0x000000042b400000|  0%| F|  |TAMS 0x000000042b000000, 0x000000042b000000| Untracked 
| 117|0x000000042b400000, 0x000000042b400000, 0x000000042b800000|  0%| F|  |TAMS 0x000000042b400000, 0x000000042b400000| Untracked 
| 118|0x000000042b800000, 0x000000042b800000, 0x000000042bc00000|  0%| F|  |TAMS 0x000000042b800000, 0x000000042b800000| Untracked 
| 119|0x000000042bc00000, 0x000000042bc00000, 0x000000042c000000|  0%| F|  |TAMS 0x000000042bc00000, 0x000000042bc00000| Untracked 
| 120|0x000000042c000000, 0x000000042c000000, 0x000000042c400000|  0%| F|  |TAMS 0x000000042c000000, 0x000000042c000000| Untracked 
| 121|0x000000042c400000, 0x000000042c400000, 0x000000042c800000|  0%| F|  |TAMS 0x000000042c400000, 0x000000042c400000| Untracked 
| 122|0x000000042c800000, 0x000000042c800000, 0x000000042cc00000|  0%| F|  |TAMS 0x000000042c800000, 0x000000042c800000| Untracked 
| 123|0x000000042cc00000, 0x000000042cc00000, 0x000000042d000000|  0%| F|  |TAMS 0x000000042cc00000, 0x000000042cc00000| Untracked 
| 124|0x000000042d000000, 0x000000042d000000, 0x000000042d400000|  0%| F|  |TAMS 0x000000042d000000, 0x000000042d000000| Untracked 
| 125|0x000000042d400000, 0x000000042d400000, 0x000000042d800000|  0%| F|  |TAMS 0x000000042d400000, 0x000000042d400000| Untracked 
| 126|0x000000042d800000, 0x000000042d800000, 0x000000042dc00000|  0%| F|  |TAMS 0x000000042d800000, 0x000000042d800000| Untracked 
| 127|0x000000042dc00000, 0x000000042dc00000, 0x000000042e000000|  0%| F|  |TAMS 0x000000042dc00000, 0x000000042dc00000| Untracked 
| 128|0x000000042e000000, 0x000000042e000000, 0x000000042e400000|  0%| F|  |TAMS 0x000000042e000000, 0x000000042e000000| Untracked 
| 129|0x000000042e400000, 0x000000042e400000, 0x000000042e800000|  0%| F|  |TAMS 0x000000042e400000, 0x000000042e400000| Untracked 
| 130|0x000000042e800000, 0x000000042e800000, 0x000000042ec00000|  0%| F|  |TAMS 0x000000042e800000, 0x000000042e800000| Untracked 
| 131|0x000000042ec00000, 0x000000042ec00000, 0x000000042f000000|  0%| F|  |TAMS 0x000000042ec00000, 0x000000042ec00000| Untracked 
| 132|0x000000042f000000, 0x000000042f000000, 0x000000042f400000|  0%| F|  |TAMS 0x000000042f000000, 0x000000042f000000| Untracked 
| 133|0x000000042f400000, 0x000000042f400000, 0x000000042f800000|  0%| F|  |TAMS 0x000000042f400000, 0x000000042f400000| Untracked 
| 134|0x000000042f800000, 0x000000042f800000, 0x000000042fc00000|  0%| F|  |TAMS 0x000000042f800000, 0x000000042f800000| Untracked 
| 135|0x000000042fc00000, 0x000000042fc00000, 0x0000000430000000|  0%| F|  |TAMS 0x000000042fc00000, 0x000000042fc00000| Untracked 
| 136|0x0000000430000000, 0x0000000430000000, 0x0000000430400000|  0%| F|  |TAMS 0x0000000430000000, 0x0000000430000000| Untracked 
| 137|0x0000000430400000, 0x0000000430400000, 0x0000000430800000|  0%| F|  |TAMS 0x0000000430400000, 0x0000000430400000| Untracked 
| 138|0x0000000430800000, 0x0000000430800000, 0x0000000430c00000|  0%| F|  |TAMS 0x0000000430800000, 0x0000000430800000| Untracked 
| 139|0x0000000430c00000, 0x0000000430c00000, 0x0000000431000000|  0%| F|  |TAMS 0x0000000430c00000, 0x0000000430c00000| Untracked 
| 140|0x0000000431000000, 0x0000000431000000, 0x0000000431400000|  0%| F|  |TAMS 0x0000000431000000, 0x0000000431000000| Untracked 
| 141|0x0000000431400000, 0x0000000431400000, 0x0000000431800000|  0%| F|  |TAMS 0x0000000431400000, 0x0000000431400000| Untracked 
| 142|0x0000000431800000, 0x0000000431800000, 0x0000000431c00000|  0%| F|  |TAMS 0x0000000431800000, 0x0000000431800000| Untracked 
| 143|0x0000000431c00000, 0x0000000431c00000, 0x0000000432000000|  0%| F|  |TAMS 0x0000000431c00000, 0x0000000431c00000| Untracked 
| 144|0x0000000432000000, 0x0000000432000000, 0x0000000432400000|  0%| F|  |TAMS 0x0000000432000000, 0x0000000432000000| Untracked 
| 145|0x0000000432400000, 0x0000000432400000, 0x0000000432800000|  0%| F|  |TAMS 0x0000000432400000, 0x0000000432400000| Untracked 
| 146|0x0000000432800000, 0x0000000432800000, 0x0000000432c00000|  0%| F|  |TAMS 0x0000000432800000, 0x0000000432800000| Untracked 
| 147|0x0000000432c00000, 0x0000000432c00000, 0x0000000433000000|  0%| F|  |TAMS 0x0000000432c00000, 0x0000000432c00000| Untracked 
| 148|0x0000000433000000, 0x0000000433000000, 0x0000000433400000|  0%| F|  |TAMS 0x0000000433000000, 0x0000000433000000| Untracked 
| 149|0x0000000433400000, 0x0000000433400000, 0x0000000433800000|  0%| F|  |TAMS 0x0000000433400000, 0x0000000433400000| Untracked 
| 150|0x0000000433800000, 0x0000000433800000, 0x0000000433c00000|  0%| F|  |TAMS 0x0000000433800000, 0x0000000433800000| Untracked 
| 151|0x0000000433c00000, 0x0000000433c00000, 0x0000000434000000|  0%| F|  |TAMS 0x0000000433c00000, 0x0000000433c00000| Untracked 
| 152|0x0000000434000000, 0x0000000434000000, 0x0000000434400000|  0%| F|  |TAMS 0x0000000434000000, 0x0000000434000000| Untracked 
| 153|0x0000000434400000, 0x0000000434400000, 0x0000000434800000|  0%| F|  |TAMS 0x0000000434400000, 0x0000000434400000| Untracked 
| 154|0x0000000434800000, 0x0000000434800000, 0x0000000434c00000|  0%| F|  |TAMS 0x0000000434800000, 0x0000000434800000| Untracked 
| 155|0x0000000434c00000, 0x0000000434c00000, 0x0000000435000000|  0%| F|  |TAMS 0x0000000434c00000, 0x0000000434c00000| Untracked 
| 156|0x0000000435000000, 0x0000000435000000, 0x0000000435400000|  0%| F|  |TAMS 0x0000000435000000, 0x0000000435000000| Untracked 
| 157|0x0000000435400000, 0x0000000435400000, 0x0000000435800000|  0%| F|  |TAMS 0x0000000435400000, 0x0000000435400000| Untracked 
| 158|0x0000000435800000, 0x0000000435800000, 0x0000000435c00000|  0%| F|  |TAMS 0x0000000435800000, 0x0000000435800000| Untracked 
| 159|0x0000000435c00000, 0x0000000435c00000, 0x0000000436000000|  0%| F|  |TAMS 0x0000000435c00000, 0x0000000435c00000| Untracked 
| 160|0x0000000436000000, 0x0000000436000000, 0x0000000436400000|  0%| F|  |TAMS 0x0000000436000000, 0x0000000436000000| Untracked 
| 161|0x0000000436400000, 0x0000000436400000, 0x0000000436800000|  0%| F|  |TAMS 0x0000000436400000, 0x0000000436400000| Untracked 
| 162|0x0000000436800000, 0x0000000436800000, 0x0000000436c00000|  0%| F|  |TAMS 0x0000000436800000, 0x0000000436800000| Untracked 
| 163|0x0000000436c00000, 0x0000000436c00000, 0x0000000437000000|  0%| F|  |TAMS 0x0000000436c00000, 0x0000000436c00000| Untracked 
| 164|0x0000000437000000, 0x0000000437000000, 0x0000000437400000|  0%| F|  |TAMS 0x0000000437000000, 0x0000000437000000| Untracked 
| 165|0x0000000437400000, 0x0000000437400000, 0x0000000437800000|  0%| F|  |TAMS 0x0000000437400000, 0x0000000437400000| Untracked 
| 166|0x0000000437800000, 0x0000000437800000, 0x0000000437c00000|  0%| F|  |TAMS 0x0000000437800000, 0x0000000437800000| Untracked 
| 167|0x0000000437c00000, 0x0000000437c00000, 0x0000000438000000|  0%| F|  |TAMS 0x0000000437c00000, 0x0000000437c00000| Untracked 
| 168|0x0000000438000000, 0x0000000438000000, 0x0000000438400000|  0%| F|  |TAMS 0x0000000438000000, 0x0000000438000000| Untracked 
| 169|0x0000000438400000, 0x0000000438400000, 0x0000000438800000|  0%| F|  |TAMS 0x0000000438400000, 0x0000000438400000| Untracked 
| 170|0x0000000438800000, 0x0000000438800000, 0x0000000438c00000|  0%| F|  |TAMS 0x0000000438800000, 0x0000000438800000| Untracked 
| 171|0x0000000438c00000, 0x0000000438c00000, 0x0000000439000000|  0%| F|  |TAMS 0x0000000438c00000, 0x0000000438c00000| Untracked 
| 172|0x0000000439000000, 0x0000000439000000, 0x0000000439400000|  0%| F|  |TAMS 0x0000000439000000, 0x0000000439000000| Untracked 
| 173|0x0000000439400000, 0x0000000439400000, 0x0000000439800000|  0%| F|  |TAMS 0x0000000439400000, 0x0000000439400000| Untracked 
| 174|0x0000000439800000, 0x0000000439800000, 0x0000000439c00000|  0%| F|  |TAMS 0x0000000439800000, 0x0000000439800000| Untracked 
| 175|0x0000000439c00000, 0x0000000439c00000, 0x000000043a000000|  0%| F|  |TAMS 0x0000000439c00000, 0x0000000439c00000| Untracked 
| 176|0x000000043a000000, 0x000000043a000000, 0x000000043a400000|  0%| F|  |TAMS 0x000000043a000000, 0x000000043a000000| Untracked 
| 177|0x000000043a400000, 0x000000043a400000, 0x000000043a800000|  0%| F|  |TAMS 0x000000043a400000, 0x000000043a400000| Untracked 
| 178|0x000000043a800000, 0x000000043a800000, 0x000000043ac00000|  0%| F|  |TAMS 0x000000043a800000, 0x000000043a800000| Untracked 
| 179|0x000000043ac00000, 0x000000043ac00000, 0x000000043b000000|  0%| F|  |TAMS 0x000000043ac00000, 0x000000043ac00000| Untracked 
| 180|0x000000043b000000, 0x000000043b000000, 0x000000043b400000|  0%| F|  |TAMS 0x000000043b000000, 0x000000043b000000| Untracked 
| 181|0x000000043b400000, 0x000000043b400000, 0x000000043b800000|  0%| F|  |TAMS 0x000000043b400000, 0x000000043b400000| Untracked 
| 182|0x000000043b800000, 0x000000043b800000, 0x000000043bc00000|  0%| F|  |TAMS 0x000000043b800000, 0x000000043b800000| Untracked 
| 183|0x000000043bc00000, 0x000000043bc00000, 0x000000043c000000|  0%| F|  |TAMS 0x000000043bc00000, 0x000000043bc00000| Untracked 
| 184|0x000000043c000000, 0x000000043c000000, 0x000000043c400000|  0%| F|  |TAMS 0x000000043c000000, 0x000000043c000000| Untracked 
| 185|0x000000043c400000, 0x000000043c400000, 0x000000043c800000|  0%| F|  |TAMS 0x000000043c400000, 0x000000043c400000| Untracked 
| 186|0x000000043c800000, 0x000000043c800000, 0x000000043cc00000|  0%| F|  |TAMS 0x000000043c800000, 0x000000043c800000| Untracked 
| 187|0x000000043cc00000, 0x000000043cc00000, 0x000000043d000000|  0%| F|  |TAMS 0x000000043cc00000, 0x000000043cc00000| Untracked 
| 188|0x000000043d000000, 0x000000043d000000, 0x000000043d400000|  0%| F|  |TAMS 0x000000043d000000, 0x000000043d000000| Untracked 
| 189|0x000000043d400000, 0x000000043d400000, 0x000000043d800000|  0%| F|  |TAMS 0x000000043d400000, 0x000000043d400000| Untracked 
| 190|0x000000043d800000, 0x000000043d800000, 0x000000043dc00000|  0%| F|  |TAMS 0x000000043d800000, 0x000000043d800000| Untracked 
| 191|0x000000043dc00000, 0x000000043dc00000, 0x000000043e000000|  0%| F|  |TAMS 0x000000043dc00000, 0x000000043dc00000| Untracked 
| 192|0x000000043e000000, 0x000000043e000000, 0x000000043e400000|  0%| F|  |TAMS 0x000000043e000000, 0x000000043e000000| Untracked 
| 193|0x000000043e400000, 0x000000043e400000, 0x000000043e800000|  0%| F|  |TAMS 0x000000043e400000, 0x000000043e400000| Untracked 
| 194|0x000000043e800000, 0x000000043e800000, 0x000000043ec00000|  0%| F|  |TAMS 0x000000043e800000, 0x000000043e800000| Untracked 
| 195|0x000000043ec00000, 0x000000043ec00000, 0x000000043f000000|  0%| F|  |TAMS 0x000000043ec00000, 0x000000043ec00000| Untracked 
| 196|0x000000043f000000, 0x000000043f000000, 0x000000043f400000|  0%| F|  |TAMS 0x000000043f000000, 0x000000043f000000| Untracked 
| 197|0x000000043f400000, 0x000000043f400000, 0x000000043f800000|  0%| F|  |TAMS 0x000000043f400000, 0x000000043f400000| Untracked 
| 198|0x000000043f800000, 0x000000043f800000, 0x000000043fc00000|  0%| F|  |TAMS 0x000000043f800000, 0x000000043f800000| Untracked 
| 199|0x000000043fc00000, 0x000000043fc00000, 0x0000000440000000|  0%| F|  |TAMS 0x000000043fc00000, 0x000000043fc00000| Untracked 
| 200|0x0000000440000000, 0x0000000440000000, 0x0000000440400000|  0%| F|  |TAMS 0x0000000440000000, 0x0000000440000000| Untracked 
| 201|0x0000000440400000, 0x0000000440400000, 0x0000000440800000|  0%| F|  |TAMS 0x0000000440400000, 0x0000000440400000| Untracked 
| 202|0x0000000440800000, 0x0000000440800000, 0x0000000440c00000|  0%| F|  |TAMS 0x0000000440800000, 0x0000000440800000| Untracked 
| 203|0x0000000440c00000, 0x0000000440c00000, 0x0000000441000000|  0%| F|  |TAMS 0x0000000440c00000, 0x0000000440c00000| Untracked 
| 204|0x0000000441000000, 0x0000000441000000, 0x0000000441400000|  0%| F|  |TAMS 0x0000000441000000, 0x0000000441000000| Untracked 
| 205|0x0000000441400000, 0x0000000441400000, 0x0000000441800000|  0%| F|  |TAMS 0x0000000441400000, 0x0000000441400000| Untracked 
| 206|0x0000000441800000, 0x0000000441800000, 0x0000000441c00000|  0%| F|  |TAMS 0x0000000441800000, 0x0000000441800000| Untracked 
| 207|0x0000000441c00000, 0x0000000441c00000, 0x0000000442000000|  0%| F|  |TAMS 0x0000000441c00000, 0x0000000441c00000| Untracked 
| 208|0x0000000442000000, 0x0000000442400000, 0x0000000442400000|100%| S|CS|TAMS 0x0000000442000000, 0x0000000442000000| Complete 
| 209|0x0000000442400000, 0x0000000442800000, 0x0000000442800000|100%| S|CS|TAMS 0x0000000442400000, 0x0000000442400000| Complete 
| 210|0x0000000442800000, 0x0000000442c00000, 0x0000000442c00000|100%| S|CS|TAMS 0x0000000442800000, 0x0000000442800000| Complete 
| 211|0x0000000442c00000, 0x0000000443000000, 0x0000000443000000|100%| S|CS|TAMS 0x0000000442c00000, 0x0000000442c00000| Complete 
| 212|0x0000000443000000, 0x0000000443400000, 0x0000000443400000|100%| S|CS|TAMS 0x0000000443000000, 0x0000000443000000| Complete 
| 213|0x0000000443400000, 0x0000000443400000, 0x0000000443800000|  0%| F|  |TAMS 0x0000000443400000, 0x0000000443400000| Untracked 
| 214|0x0000000443800000, 0x0000000443800000, 0x0000000443c00000|  0%| F|  |TAMS 0x0000000443800000, 0x0000000443800000| Untracked 
| 215|0x0000000443c00000, 0x0000000443c00000, 0x0000000444000000|  0%| F|  |TAMS 0x0000000443c00000, 0x0000000443c00000| Untracked 
| 216|0x0000000444000000, 0x0000000444000000, 0x0000000444400000|  0%| F|  |TAMS 0x0000000444000000, 0x0000000444000000| Untracked 
| 217|0x0000000444400000, 0x0000000444400000, 0x0000000444800000|  0%| F|  |TAMS 0x0000000444400000, 0x0000000444400000| Untracked 
| 218|0x0000000444800000, 0x0000000444800000, 0x0000000444c00000|  0%| F|  |TAMS 0x0000000444800000, 0x0000000444800000| Untracked 
| 219|0x0000000444c00000, 0x0000000444c00000, 0x0000000445000000|  0%| F|  |TAMS 0x0000000444c00000, 0x0000000444c00000| Untracked 
| 220|0x0000000445000000, 0x0000000445000000, 0x0000000445400000|  0%| F|  |TAMS 0x0000000445000000, 0x0000000445000000| Untracked 
| 221|0x0000000445400000, 0x0000000445400000, 0x0000000445800000|  0%| F|  |TAMS 0x0000000445400000, 0x0000000445400000| Untracked 
| 222|0x0000000445800000, 0x0000000445800000, 0x0000000445c00000|  0%| F|  |TAMS 0x0000000445800000, 0x0000000445800000| Untracked 
| 223|0x0000000445c00000, 0x0000000445c00000, 0x0000000446000000|  0%| F|  |TAMS 0x0000000445c00000, 0x0000000445c00000| Untracked 
| 224|0x0000000446000000, 0x0000000446000000, 0x0000000446400000|  0%| F|  |TAMS 0x0000000446000000, 0x0000000446000000| Untracked 
| 225|0x0000000446400000, 0x0000000446400000, 0x0000000446800000|  0%| F|  |TAMS 0x0000000446400000, 0x0000000446400000| Untracked 
| 226|0x0000000446800000, 0x0000000446800000, 0x0000000446c00000|  0%| F|  |TAMS 0x0000000446800000, 0x0000000446800000| Untracked 
| 227|0x0000000446c00000, 0x0000000446c00000, 0x0000000447000000|  0%| F|  |TAMS 0x0000000446c00000, 0x0000000446c00000| Untracked 
| 228|0x0000000447000000, 0x0000000447000000, 0x0000000447400000|  0%| F|  |TAMS 0x0000000447000000, 0x0000000447000000| Untracked 
| 229|0x0000000447400000, 0x0000000447400000, 0x0000000447800000|  0%| F|  |TAMS 0x0000000447400000, 0x0000000447400000| Untracked 
| 230|0x0000000447800000, 0x0000000447800000, 0x0000000447c00000|  0%| F|  |TAMS 0x0000000447800000, 0x0000000447800000| Untracked 
| 231|0x0000000447c00000, 0x0000000447c00000, 0x0000000448000000|  0%| F|  |TAMS 0x0000000447c00000, 0x0000000447c00000| Untracked 
| 232|0x0000000448000000, 0x0000000448000000, 0x0000000448400000|  0%| F|  |TAMS 0x0000000448000000, 0x0000000448000000| Untracked 
| 233|0x0000000448400000, 0x0000000448400000, 0x0000000448800000|  0%| F|  |TAMS 0x0000000448400000, 0x0000000448400000| Untracked 
| 234|0x0000000448800000, 0x0000000448800000, 0x0000000448c00000|  0%| F|  |TAMS 0x0000000448800000, 0x0000000448800000| Untracked 
| 235|0x0000000448c00000, 0x0000000448c00000, 0x0000000449000000|  0%| F|  |TAMS 0x0000000448c00000, 0x0000000448c00000| Untracked 
| 236|0x0000000449000000, 0x0000000449264ff0, 0x0000000449400000| 59%| E|  |TAMS 0x0000000449000000, 0x0000000449000000| Complete 
| 237|0x0000000449400000, 0x0000000449800000, 0x0000000449800000|100%| E|CS|TAMS 0x0000000449400000, 0x0000000449400000| Complete 
| 238|0x0000000449800000, 0x0000000449c00000, 0x0000000449c00000|100%| E|CS|TAMS 0x0000000449800000, 0x0000000449800000| Complete 
| 239|0x0000000449c00000, 0x000000044a000000, 0x000000044a000000|100%| E|CS|TAMS 0x0000000449c00000, 0x0000000449c00000| Complete 
| 240|0x000000044a000000, 0x000000044a400000, 0x000000044a400000|100%| E|CS|TAMS 0x000000044a000000, 0x000000044a000000| Complete 
| 241|0x000000044a400000, 0x000000044a800000, 0x000000044a800000|100%| E|CS|TAMS 0x000000044a400000, 0x000000044a400000| Complete 
| 242|0x000000044a800000, 0x000000044ac00000, 0x000000044ac00000|100%| E|CS|TAMS 0x000000044a800000, 0x000000044a800000| Complete 
| 243|0x000000044ac00000, 0x000000044b000000, 0x000000044b000000|100%| E|CS|TAMS 0x000000044ac00000, 0x000000044ac00000| Complete 
| 244|0x000000044b000000, 0x000000044b400000, 0x000000044b400000|100%| E|CS|TAMS 0x000000044b000000, 0x000000044b000000| Complete 
| 245|0x000000044b400000, 0x000000044b800000, 0x000000044b800000|100%| E|CS|TAMS 0x000000044b400000, 0x000000044b400000| Complete 
| 246|0x000000044b800000, 0x000000044bc00000, 0x000000044bc00000|100%| E|CS|TAMS 0x000000044b800000, 0x000000044b800000| Complete 
| 247|0x000000044bc00000, 0x000000044c000000, 0x000000044c000000|100%| E|CS|TAMS 0x000000044bc00000, 0x000000044bc00000| Complete 
| 248|0x000000044c000000, 0x000000044c400000, 0x000000044c400000|100%| E|CS|TAMS 0x000000044c000000, 0x000000044c000000| Complete 
| 249|0x000000044c400000, 0x000000044c800000, 0x000000044c800000|100%| E|  |TAMS 0x000000044c400000, 0x000000044c400000| Complete 
| 250|0x000000044c800000, 0x000000044cc00000, 0x000000044cc00000|100%| E|CS|TAMS 0x000000044c800000, 0x000000044c800000| Complete 
| 251|0x000000044cc00000, 0x000000044d000000, 0x000000044d000000|100%| E|CS|TAMS 0x000000044cc00000, 0x000000044cc00000| Complete 
| 252|0x000000044d000000, 0x000000044d400000, 0x000000044d400000|100%| E|CS|TAMS 0x000000044d000000, 0x000000044d000000| Complete 

Card table byte_map: [0x00000271dfe50000,0x00000271e1de0000] _byte_map_base: 0x00000271ddde0000

Marking Bits (Prev, Next): (CMBitMap*) 0x00000271c63f2860, (CMBitMap*) 0x00000271c63f2828
 Prev Bits: [0x0000027180000000, 0x000002718fc80000)
 Next Bits: [0x00000271e3d70000, 0x00000271f39f0000)

Polling page: 0x00000271c5b00000

Metaspace:

Usage:
  Non-class:     63.61 MB capacity,    62.35 MB ( 98%) used,  1015.16 KB (  2%) free+waste,   272.56 KB ( <1%) overhead. 
      Class:      8.69 MB capacity,     7.78 MB ( 89%) used,   806.64 KB (  9%) free+waste,   128.38 KB (  1%) overhead. 
       Both:     72.30 MB capacity,    70.13 MB ( 97%) used,     1.78 MB (  2%) free+waste,   400.94 KB ( <1%) overhead. 

Virtual space:
  Non-class space:       64.00 MB reserved,      63.67 MB (>99%) committed 
      Class space:        1.00 GB reserved,       8.75 MB ( <1%) committed 
             Both:        1.06 GB reserved,      72.42 MB (  7%) committed 

Chunk freelists:
   Non-Class:  7.88 KB
       Class:  0 bytes
        Both:  7.88 KB

CodeHeap 'non-profiled nmethods': size=119168Kb used=5348Kb max_used=5348Kb free=113819Kb
 bounds [0x00000271d61e0000, 0x00000271d6720000, 0x00000271dd640000]
CodeHeap 'profiled nmethods': size=119168Kb used=19516Kb max_used=19516Kb free=99651Kb
 bounds [0x00000271ced80000, 0x00000271d00b0000, 0x00000271d61e0000]
CodeHeap 'non-nmethods': size=7424Kb used=3208Kb max_used=3255Kb free=4215Kb
 bounds [0x00000271ce640000, 0x00000271ce9d0000, 0x00000271ced80000]
 total_blobs=12318 nmethods=7471 adapters=916
 compilation: enabled
              stopped_count=0, restarted_count=0
 full_count=0

Compilation events (10 events):
Event: 5.574 Thread 0x00000271f6d70000 nmethod 8546 0x00000271d6715210 code [0x00000271d67153a0, 0x00000271d6715438]
Event: 5.593 Thread 0x0000027193744800 8547       3       com.sun.jna.Native::getNativeSize (262 bytes)
Event: 5.594 Thread 0x0000027193744800 nmethod 8547 0x00000271d009e190 code [0x00000271d009e520, 0x00000271d009f9c0]
Event: 5.609 Thread 0x00000271f6ee1000 8548       3       pw::mp (6 bytes)
Event: 5.609 Thread 0x0000027194bed800 8549       3       pw::au (32 bytes)
Event: 5.609 Thread 0x00000271955ed000 8550 % !   4       dx::rm @ 49 (1339 bytes)
Event: 5.609 Thread 0x00000271f6ee1000 nmethod 8548 0x00000271d009fe90 code [0x00000271d00a0060, 0x00000271d00a03d0]
Event: 5.609 Thread 0x0000027194bed800 nmethod 8549 0x00000271d00a0510 code [0x00000271d00a06e0, 0x00000271d00a0970]
Event: 5.614 Thread 0x00000271955ed000 nmethod 8550% 0x00000271d6715510 code [0x00000271d67156e0, 0x00000271d6715f98]
Event: 5.629 Thread 0x0000027194ffd000 8551   !   4       dx::rm (1339 bytes)

GC Heap History (10 events):
Event: 2.879 GC heap before
{Heap before GC invocations=3 (full 0):
 garbage-first heap   total 1036288K, used 13935K [0x000000040e000000, 0x0000000800000000)
  region size 4096K, 4 young (16384K), 1 survivors (4096K)
 Metaspace       used 35068K, capacity 35757K, committed 35920K, reserved 1081344K
  class space    used 3764K, capacity 4050K, committed 4096K, reserved 1048576K
}
Event: 2.880 GC heap after
{Heap after GC invocations=4 (full 0):
 garbage-first heap   total 1036288K, used 11677K [0x000000040e000000, 0x0000000800000000)
  region size 4096K, 2 young (8192K), 2 survivors (8192K)
 Metaspace       used 35068K, capacity 35757K, committed 35920K, reserved 1081344K
  class space    used 3764K, capacity 4050K, committed 4096K, reserved 1048576K
}
Event: 3.034 GC heap before
{Heap before GC invocations=5 (full 0):
 garbage-first heap   total 1036288K, used 81309K [0x000000040e000000, 0x0000000800000000)
  region size 4096K, 19 young (77824K), 2 survivors (8192K)
 Metaspace       used 44557K, capacity 45326K, committed 45488K, reserved 1089536K
  class space    used 4544K, capacity 4850K, committed 4864K, reserved 1048576K
}
Event: 3.038 GC heap after
{Heap after GC invocations=6 (full 0):
 garbage-first heap   total 1036288K, used 17495K [0x000000040e000000, 0x0000000800000000)
  region size 4096K, 3 young (12288K), 3 survivors (12288K)
 Metaspace       used 44557K, capacity 45326K, committed 45488K, reserved 1089536K
  class space    used 4544K, capacity 4850K, committed 4864K, reserved 1048576K
}
Event: 4.001 GC heap before
{Heap before GC invocations=7 (full 0):
 garbage-first heap   total 1036288K, used 136279K [0x000000040e000000, 0x0000000800000000)
  region size 4096K, 30 young (122880K), 3 survivors (12288K)
 Metaspace       used 59849K, capacity 60938K, committed 61104K, reserved 1103872K
  class space    used 6440K, capacity 6910K, committed 6912K, reserved 1048576K
}
Event: 4.005 GC heap after
{Heap after GC invocations=8 (full 0):
 garbage-first heap   total 1036288K, used 52458K [0x000000040e000000, 0x0000000800000000)
  region size 4096K, 4 young (16384K), 4 survivors (16384K)
 Metaspace       used 59849K, capacity 60938K, committed 61104K, reserved 1103872K
  class space    used 6440K, capacity 6910K, committed 6912K, reserved 1048576K
}
Event: 4.708 GC heap before
{Heap before GC invocations=8 (full 0):
 garbage-first heap   total 1036288K, used 171242K [0x000000040e000000, 0x0000000800000000)
  region size 4096K, 33 young (135168K), 4 survivors (16384K)
 Metaspace       used 68718K, capacity 70633K, committed 70832K, reserved 1112064K
  class space    used 7605K, capacity 8390K, committed 8448K, reserved 1048576K
}
Event: 4.713 GC heap after
{Heap after GC invocations=9 (full 0):
 garbage-first heap   total 1036288K, used 68087K [0x000000040e000000, 0x0000000800000000)
  region size 4096K, 4 young (16384K), 4 survivors (16384K)
 Metaspace       used 68718K, capacity 70633K, committed 70832K, reserved 1112064K
  class space    used 7605K, capacity 8390K, committed 8448K, reserved 1048576K
}
Event: 4.972 GC heap before
{Heap before GC invocations=9 (full 0):
 garbage-first heap   total 1036288K, used 211447K [0x000000040e000000, 0x0000000800000000)
  region size 4096K, 40 young (163840K), 4 survivors (16384K)
 Metaspace       used 70443K, capacity 72612K, committed 72752K, reserved 1114112K
  class space    used 7872K, capacity 8748K, committed 8832K, reserved 1048576K
}
Event: 4.980 GC heap after
{Heap after GC invocations=10 (full 0):
 garbage-first heap   total 1036288K, used 109160K [0x000000040e000000, 0x0000000800000000)
  region size 4096K, 5 young (20480K), 5 survivors (20480K)
 Metaspace       used 70443K, capacity 72612K, committed 72752K, reserved 1114112K
  class space    used 7872K, capacity 8748K, committed 8832K, reserved 1048576K
}

Deoptimization events (10 events):
Event: 5.370 Thread 0x0000027192372800 Uncommon trap: reason=predicate action=maybe_recompile pc=0x00000271d6677600 method=ut.aj([I[B[IIIIIII)V @ 56 c2
Event: 5.377 Thread 0x0000027192372800 Uncommon trap: reason=unstable_if action=reinterpret pc=0x00000271d64b43dc method=javax.swing.JComponent.revalidate()V @ 12 c2
Event: 5.404 Thread 0x0000027192372800 Uncommon trap: reason=predicate action=maybe_recompile pc=0x00000271d6678b74 method=ut.aj([I[B[IIIIIII)V @ 56 c2
Event: 5.417 Thread 0x0000027192372800 Uncommon trap: reason=unstable_if action=reinterpret pc=0x00000271d66ef394 method=dx.we(Ldx;II)V @ 300 c2
Event: 5.529 Thread 0x0000027192372800 Uncommon trap: reason=profile_predicate action=maybe_recompile pc=0x00000271d671214c method=dx.rm(Ldx;II)V @ 949 c2
Event: 5.570 Thread 0x0000027192372800 Uncommon trap: reason=profile_predicate action=maybe_recompile pc=0x00000271d671214c method=dx.rm(Ldx;II)V @ 949 c2
Event: 5.570 Thread 0x0000027192372800 Uncommon trap: reason=profile_predicate action=maybe_recompile pc=0x00000271d6714824 method=dx.rm(Ldx;II)V @ 991 c2
Event: 5.609 Thread 0x0000027192372800 Uncommon trap: reason=profile_predicate action=maybe_recompile pc=0x00000271d671214c method=dx.rm(Ldx;II)V @ 949 c2
Event: 5.609 Thread 0x0000027192372800 Uncommon trap: reason=profile_predicate action=maybe_recompile pc=0x00000271d6714824 method=dx.rm(Ldx;II)V @ 991 c2
Event: 5.649 Thread 0x0000027192372800 Uncommon trap: reason=profile_predicate action=maybe_recompile pc=0x00000271d670cd64 method=dx.rm(Ldx;II)V @ 949 c2

Classes redefined (0 events):
No events

Internal exceptions (10 events):
Event: 4.759 Thread 0x0000027192372800 Implicit null exception at 0x00000271cf84d8f8 to 0x00000271cf84e95f
Event: 4.759 Thread 0x0000027192372800 Exception <a 'java/lang/NullPointerException'{0x000000044cd58dc8}> (0x000000044cd58dc8) thrown at [t:/workspace/open/src/hotspot/share/runtime/sharedRuntime.cpp, line 584]
Event: 4.761 Thread 0x0000027192372800 Implicit null exception at 0x00000271cf84cdd4 to 0x00000271cf84e911
Event: 4.761 Thread 0x0000027192372800 Exception <a 'java/lang/NullPointerException'{0x000000044cd59d68}> (0x000000044cd59d68) thrown at [t:/workspace/open/src/hotspot/share/runtime/sharedRuntime.cpp, line 584]
Event: 4.761 Thread 0x0000027192372800 Implicit null exception at 0x00000271cf84d8f8 to 0x00000271cf84e95f
Event: 4.761 Thread 0x0000027192372800 Exception <a 'java/lang/NullPointerException'{0x000000044cd5a038}> (0x000000044cd5a038) thrown at [t:/workspace/open/src/hotspot/share/runtime/sharedRuntime.cpp, line 584]
Event: 4.858 Thread 0x0000027194876000 Implicit null exception at 0x00000271d64fd7f5 to 0x00000271d64fde86
Event: 5.033 Thread 0x0000027192372800 Exception <a 'java/lang/NullPointerException'{0x000000044bacb1d8}> (0x000000044bacb1d8) thrown at [t:/workspace/open/src/hotspot/share/interpreter/linkResolver.cpp, line 1354]
Event: 5.108 Thread 0x0000027192372800 Exception <a 'java/lang/ArrayIndexOutOfBoundsException'{0x000000044bb8f3b0}: Index 0 out of bounds for length 0> (0x000000044bb8f3b0) thrown at [t:/workspace/open/src/hotspot/share/interpreter/interpreterRuntime.cpp, line 459]
Event: 5.178 Thread 0x0000027192372800 Implicit null exception at 0x00000271d63ddeaf to 0x00000271d63ddf9a

Events (10 events):
Event: 5.609 Thread 0x0000027192372800 DEOPT PACKING pc=0x00000271d671214c sp=0x000000d9a55cecd0
Event: 5.609 Thread 0x0000027192372800 DEOPT UNPACKING pc=0x00000271ce64802f sp=0x000000d9a55cec80 mode 2
Event: 5.609 Thread 0x0000027194782000 Thread exited: 0x0000027194782000
Event: 5.609 Thread 0x0000027192372800 Uncommon trap: trap_request=0xffffffbe fr.pc=0x00000271d6714824 relative=0x0000000000000464
Event: 5.609 Thread 0x0000027192372800 DEOPT PACKING pc=0x00000271d6714824 sp=0x000000d9a55ced10
Event: 5.609 Thread 0x0000027192372800 DEOPT UNPACKING pc=0x00000271ce64802f sp=0x000000d9a55cec80 mode 2
Event: 5.609 Thread 0x0000027195456800 Thread exited: 0x0000027195456800
Event: 5.649 Thread 0x0000027192372800 Uncommon trap: trap_request=0xffffffbe fr.pc=0x00000271d670cd64 relative=0x00000000000018c4
Event: 5.649 Thread 0x0000027192372800 DEOPT PACKING pc=0x00000271d670cd64 sp=0x000000d9a55cecf0
Event: 5.649 Thread 0x0000027192372800 DEOPT UNPACKING pc=0x00000271ce64802f sp=0x000000d9a55cec90 mode 2


Dynamic libraries:
0x00007ff6a5770000 - 0x00007ff6a57b5000 	C:\Users\timle\Development\Tools\jdk-11.0.2\bin\java.exe
0x00007ffe31710000 - 0x00007ffe31927000 	C:\Windows\SYSTEM32\ntdll.dll
0x00007ffe30b20000 - 0x00007ffe30be4000 	C:\Windows\System32\KERNEL32.DLL
0x00007ffe2ed50000 - 0x00007ffe2f0f6000 	C:\Windows\System32\KERNELBASE.dll
0x00007ffe2fd60000 - 0x00007ffe2ff0e000 	C:\Windows\System32\USER32.dll
0x00007ffe2f170000 - 0x00007ffe2f196000 	C:\Windows\System32\win32u.dll
0x00007ffe30120000 - 0x00007ffe30149000 	C:\Windows\System32\GDI32.dll
0x00007ffe2eb70000 - 0x00007ffe2ec88000 	C:\Windows\System32\gdi32full.dll
0x00007ffe2ead0000 - 0x00007ffe2eb6a000 	C:\Windows\System32\msvcp_win.dll
0x00007ffe2f1a0000 - 0x00007ffe2f2b1000 	C:\Windows\System32\ucrtbase.dll
0x00007ffe192d0000 - 0x00007ffe19563000 	C:\Windows\WinSxS\amd64_microsoft.windows.common-controls_6595b64144ccf1df_6.0.22621.2506_none_270c5ae97388e100\COMCTL32.dll
0x00007ffe30a70000 - 0x00007ffe30b17000 	C:\Windows\System32\msvcrt.dll
0x00007ffe301d0000 - 0x00007ffe30201000 	C:\Windows\System32\IMM32.DLL
0x00007ffe29060000 - 0x00007ffe29076000 	C:\Users\timle\Development\Tools\jdk-11.0.2\bin\vcruntime140.dll
0x00007ffdb1f90000 - 0x00007ffdb203a000 	C:\Users\timle\Development\Tools\jdk-11.0.2\bin\msvcp140.dll
0x00007ffd81880000 - 0x00007ffd823a3000 	C:\Users\timle\Development\Tools\jdk-11.0.2\bin\server\jvm.dll
0x00007ffe31330000 - 0x00007ffe313e3000 	C:\Windows\System32\ADVAPI32.dll
0x00007ffe2fb00000 - 0x00007ffe2fba8000 	C:\Windows\System32\sechost.dll
0x00007ffe2f430000 - 0x00007ffe2f458000 	C:\Windows\System32\bcrypt.dll
0x00007ffe2fbb0000 - 0x00007ffe2fcc7000 	C:\Windows\System32\RPCRT4.dll
0x00007ffe2fcd0000 - 0x00007ffe2fcd8000 	C:\Windows\System32\PSAPI.DLL
0x00007ffe25230000 - 0x00007ffe25264000 	C:\Windows\SYSTEM32\WINMM.dll
0x00007ffe21ea0000 - 0x00007ffe21ea9000 	C:\Windows\SYSTEM32\WSOCK32.dll
0x00007ffe2fce0000 - 0x00007ffe2fd51000 	C:\Windows\System32\WS2_32.dll
0x00007ffe27e00000 - 0x00007ffe27e0a000 	C:\Windows\SYSTEM32\VERSION.dll
0x00007ffe2dad0000 - 0x00007ffe2dae8000 	C:\Windows\SYSTEM32\kernel.appcore.dll
0x00007ffdfde90000 - 0x00007ffdfdea1000 	C:\Users\timle\Development\Tools\jdk-11.0.2\bin\verify.dll
0x00007ffe27160000 - 0x00007ffe27393000 	C:\Windows\SYSTEM32\DBGHELP.DLL
0x00007ffe30c90000 - 0x00007ffe31019000 	C:\Windows\System32\combase.dll
0x00007ffe314f0000 - 0x00007ffe315c7000 	C:\Windows\System32\OLEAUT32.dll
0x00007ffe1aba0000 - 0x00007ffe1abd2000 	C:\Windows\SYSTEM32\dbgcore.DLL
0x00007ffe2ea50000 - 0x00007ffe2eaca000 	C:\Windows\System32\bcryptPrimitives.dll
0x00007ffdfc770000 - 0x00007ffdfc798000 	C:\Users\timle\Development\Tools\jdk-11.0.2\bin\java.dll
0x00007ffdf8c50000 - 0x00007ffdf8c7f000 	C:\Users\timle\Development\Tools\jdk-11.0.2\bin\instrument.dll
0x00007ffdfde50000 - 0x00007ffdfde66000 	C:\Users\timle\Development\Tools\jdk-11.0.2\bin\zip.dll
0x00007ffe29050000 - 0x00007ffe2905a000 	C:\Users\timle\Development\Tools\jdk-11.0.2\bin\jimage.dll
0x00007ffe30210000 - 0x00007ffe30a6a000 	C:\Windows\System32\SHELL32.dll
0x00007ffe2c960000 - 0x00007ffe2d256000 	C:\Windows\SYSTEM32\windows.storage.dll
0x00007ffe2c820000 - 0x00007ffe2c95e000 	C:\Windows\SYSTEM32\wintypes.dll
0x00007ffe315d0000 - 0x00007ffe316c3000 	C:\Windows\System32\SHCORE.dll
0x00007ffe300c0000 - 0x00007ffe3011e000 	C:\Windows\System32\shlwapi.dll
0x00007ffe2e980000 - 0x00007ffe2e9a6000 	C:\Windows\SYSTEM32\profapi.dll
0x00007ffdfc710000 - 0x00007ffdfc729000 	C:\Users\timle\Development\Tools\jdk-11.0.2\bin\net.dll
0x00007ffe28c70000 - 0x00007ffe28da7000 	C:\Windows\SYSTEM32\WINHTTP.dll
0x00007ffe1e4a0000 - 0x00007ffe1e690000 	C:\Windows\SYSTEM32\urlmon.dll
0x00007ffe1dcb0000 - 0x00007ffe1df6c000 	C:\Windows\SYSTEM32\iertutil.dll
0x00007ffe2d520000 - 0x00007ffe2d52c000 	C:\Windows\SYSTEM32\netutils.dll
0x00007ffe1fe60000 - 0x00007ffe1fe88000 	C:\Windows\SYSTEM32\srvcli.dll
0x00007ffe2dfb0000 - 0x00007ffe2e019000 	C:\Windows\system32\mswsock.dll
0x00007ffdfac80000 - 0x00007ffdfac93000 	C:\Users\timle\Development\Tools\jdk-11.0.2\bin\nio.dll
0x00007ffdf81f0000 - 0x00007ffdf820a000 	C:\Program Files\JetBrains\IntelliJ IDEA Community Edition 2023.3.2\bin\breakgen64.dll
0x00007ffe06080000 - 0x00007ffe0608d000 	C:\Users\timle\Development\Tools\jdk-11.0.2\bin\sunmscapi.dll
0x00007ffe2f2c0000 - 0x00007ffe2f426000 	C:\Windows\System32\CRYPT32.dll
0x00007ffe2e3e0000 - 0x00007ffe2e40e000 	C:\Windows\SYSTEM32\ncrypt.dll
0x00007ffe2e3a0000 - 0x00007ffe2e3d7000 	C:\Windows\SYSTEM32\NTASN1.dll
0x00007ffdf8120000 - 0x00007ffdf8147000 	C:\Users\timle\Development\Tools\jdk-11.0.2\bin\sunec.dll
0x00007ffe2e6f0000 - 0x00007ffe2e702000 	C:\Windows\SYSTEM32\MSASN1.dll
0x00007ffe2e220000 - 0x00007ffe2e23b000 	C:\Windows\SYSTEM32\CRYPTSP.dll
0x00007ffe2da90000 - 0x00007ffe2dac5000 	C:\Windows\system32\rsaenh.dll
0x00007ffe2e240000 - 0x00007ffe2e24c000 	C:\Windows\SYSTEM32\CRYPTBASE.dll
0x00007ffe2e040000 - 0x00007ffe2e066000 	C:\Windows\SYSTEM32\gpapi.dll
0x00007ffe2e080000 - 0x00007ffe2e0ac000 	C:\Windows\SYSTEM32\USERENV.dll
0x00007ffe2d530000 - 0x00007ffe2d55d000 	C:\Windows\SYSTEM32\IPHLPAPI.DLL
0x00007ffe31320000 - 0x00007ffe31329000 	C:\Windows\System32\NSI.dll
0x00007ffe28bc0000 - 0x00007ffe28bd9000 	C:\Windows\SYSTEM32\dhcpcsvc6.DLL
0x00007ffe28ba0000 - 0x00007ffe28bbf000 	C:\Windows\SYSTEM32\dhcpcsvc.DLL
0x00007ffe2d5a0000 - 0x00007ffe2d699000 	C:\Windows\SYSTEM32\DNSAPI.dll
0x00007ffd816e0000 - 0x00007ffd8187e000 	C:\Users\timle\Development\Tools\jdk-11.0.2\bin\awt.dll
0x00007ffe2a870000 - 0x00007ffe2ae5e000 	C:\Windows\SYSTEM32\d2d1.dll
0x00007ffe2bc30000 - 0x00007ffe2bcc7000 	C:\Windows\SYSTEM32\apphelp.dll
0x00007ffe2bea0000 - 0x00007ffe2bf4b000 	C:\Windows\system32\uxtheme.dll
0x00007ffe31180000 - 0x00007ffe312d0000 	C:\Windows\System32\MSCTF.dll
0x00007ffe2ff20000 - 0x00007ffe300c0000 	C:\Windows\System32\ole32.dll
0x00007ffe2c120000 - 0x00007ffe2c14b000 	C:\Windows\system32\DWMAPI.DLL
0x00007ffdbe9a0000 - 0x00007ffdbeaa0000 	C:\Windows\system32\opengl32.dll
0x00007ffdbe4d0000 - 0x00007ffdbe4fd000 	C:\Windows\SYSTEM32\GLU32.dll
0x00007ffe2c190000 - 0x00007ffe2c1c6000 	C:\Windows\SYSTEM32\dxcore.dll
0x00007ffe0a190000 - 0x00007ffe0a339000 	C:\Windows\system32\d3d9.dll
0x00007ffe1a340000 - 0x00007ffe1a3fe000 	C:\Windows\System32\DriverStore\FileRepository\nv_dispsig.inf_amd64_1b8f9115c198ff0c\nvldumdx.dll
0x00007ffe27dc0000 - 0x00007ffe27df2000 	C:\Windows\SYSTEM32\cryptnet.dll
0x00007ffe27b90000 - 0x00007ffe27ce8000 	C:\Windows\SYSTEM32\drvstore.dll
0x00007ffe2e710000 - 0x00007ffe2e73c000 	C:\Windows\SYSTEM32\devobj.dll
0x00007ffe2e740000 - 0x00007ffe2e78e000 	C:\Windows\SYSTEM32\cfgmgr32.dll
0x00007ffe2e2f0000 - 0x00007ffe2e33b000 	C:\Windows\SYSTEM32\wldp.dll
0x00007ffe2f100000 - 0x00007ffe2f16b000 	C:\Windows\System32\wintrust.dll
0x00007ffe310d0000 - 0x00007ffe310ef000 	C:\Windows\System32\imagehlp.dll
0x00007ffe14730000 - 0x00007ffe1694d000 	C:\Windows\System32\DriverStore\FileRepository\nv_dispsig.inf_amd64_1b8f9115c198ff0c\nvgpucomp64.dll
0x00007ffdd2620000 - 0x00007ffdd49cf000 	C:\Windows\System32\DriverStore\FileRepository\nv_dispsig.inf_amd64_1b8f9115c198ff0c\nvd3dumx.dll
0x00007ffe1fe90000 - 0x00007ffe1feda000 	C:\Windows\SYSTEM32\directxdatabasehelper.dll
0x00007ffdb3aa0000 - 0x00007ffdb3d71000 	C:\Windows\system32\nvspcap64.dll
0x00007ffe2db50000 - 0x00007ffe2db84000 	C:\Windows\SYSTEM32\ntmarta.dll
0x00007ffd88a30000 - 0x00007ffd88ab0000 	C:\Users\timle\Development\Tools\jdk-11.0.2\bin\freetype.dll
0x00007ffdb2910000 - 0x00007ffdb297f000 	C:\Users\timle\Development\Tools\jdk-11.0.2\bin\fontmanager.dll
0x00007ffe1ee90000 - 0x00007ffe1efda000 	C:\Windows\SYSTEM32\textinputframework.dll
0x00007ffdff670000 - 0x00007ffdff679000 	C:\Users\timle\Development\Tools\jdk-11.0.2\bin\management.dll
0x00007ffdfc760000 - 0x00007ffdfc76c000 	C:\Users\timle\Development\Tools\jdk-11.0.2\bin\management_ext.dll
0x00007ffe23150000 - 0x00007ffe2315a000 	C:\Windows\System32\rasadhlp.dll
0x00007ffe2b880000 - 0x00007ffe2b9b4000 	C:\Windows\SYSTEM32\CoreMessaging.dll
0x00007ffe283b0000 - 0x00007ffe28433000 	C:\Windows\System32\fwpuclnt.dll
0x00007ffe21150000 - 0x00007ffe214bc000 	C:\Windows\SYSTEM32\CoreUIComponents.dll
0x00007ffdb8f00000 - 0x00007ffdb8f44000 	C:\Users\timle\AppData\Local\Temp\jna-110364689\jna13534876846434809819.dll
0x00007ffd81640000 - 0x00007ffd816dc000 	C:\Users\timle\AppData\Local\Temp\jna-110364689\jna15599186674087156870.dll
0x00007ffd87fe0000 - 0x00007ffd8805f000 	C:\Users\timle\Development\Tools\jdk-11.0.2\bin\mlib_image.dll
0x00007ffdfc440000 - 0x00007ffdfc446000 	C:\Users\timle\AppData\Local\Temp\flatlaf.temp\flatlaf-windows-x86_64-84593358788000.dll
0x00007ffe2c150000 - 0x00007ffe2c15d000 	C:\Windows\SYSTEM32\WINNSI.DLL
0x00007ffe31020000 - 0x00007ffe310d0000 	C:\Windows\System32\clbcatq.dll
0x00007ffe2a240000 - 0x00007ffe2a3f0000 	C:\Windows\SYSTEM32\WindowsCodecs.dll
0x00007ffdfff60000 - 0x00007ffdfffbe000 	C:\Windows\system32\dataexchange.dll
0x00007ffe1b2a0000 - 0x00007ffe1b525000 	C:\Windows\system32\twinapi.appcore.dll
0x00007ffdfbe30000 - 0x00007ffdfbe37000 	C:\Users\timle\Development\Tools\jdk-11.0.2\bin\jawt.dll
0x00007ffe1ad80000 - 0x00007ffe1ae3c000 	C:\Windows\SYSTEM32\mscms.dll
0x00007ffdf8a40000 - 0x00007ffdf8a89000 	C:\Windows\SYSTEM32\icm32.dll
0x00007ffdf8100000 - 0x00007ffdf8112000 	C:\Users\timle\Development\Tools\jdk-11.0.2\bin\jsound.dll
0x00007ffe19070000 - 0x00007ffe19112000 	C:\Windows\SYSTEM32\DSOUND.dll
0x00007ffe16b60000 - 0x00007ffe16c11000 	C:\Windows\SYSTEM32\ResampleDmo.DLL
0x00007ffe2d890000 - 0x00007ffe2d8dd000 	C:\Windows\SYSTEM32\powrprof.dll
0x00007ffe1fe30000 - 0x00007ffe1fe59000 	C:\Windows\SYSTEM32\winmmbase.dll
0x00007ffe19770000 - 0x00007ffe1977b000 	C:\Windows\SYSTEM32\msdmo.dll
0x00007ffe2d870000 - 0x00007ffe2d883000 	C:\Windows\SYSTEM32\UMPDC.dll
0x00007ffe244d0000 - 0x00007ffe2456d000 	C:\Windows\System32\MMDevApi.dll
0x00007ffe1bad0000 - 0x00007ffe1bb16000 	C:\Windows\SYSTEM32\wdmaud.drv
0x00007ffe21c20000 - 0x00007ffe21c29000 	C:\Windows\SYSTEM32\ksuser.dll
0x00007ffe26760000 - 0x00007ffe2676b000 	C:\Windows\SYSTEM32\AVRT.dll
0x00007ffe20f60000 - 0x00007ffe2114c000 	C:\Windows\SYSTEM32\AUDIOSES.DLL
0x00007ffe215a0000 - 0x00007ffe215ae000 	C:\Windows\SYSTEM32\msacm32.drv
0x00007ffe1bf10000 - 0x00007ffe1bf2e000 	C:\Windows\SYSTEM32\MSACM32.dll
0x00007ffe1bf70000 - 0x00007ffe1bf7b000 	C:\Windows\SYSTEM32\midimap.dll
0x00007ffe2c430000 - 0x00007ffe2c445000 	C:\Windows\SYSTEM32\resourcepolicyclient.dll

dbghelp: loaded successfully - version: 4.0.5 - missing functions: none
symbol engine: initialized successfully - sym options: 0x614 - pdb path: .;C:\Users\timle\Development\Tools\jdk-11.0.2\bin;C:\Windows\SYSTEM32;C:\Windows\WinSxS\amd64_microsoft.windows.common-controls_6595b64144ccf1df_6.0.22621.2506_none_270c5ae97388e100;C:\Users\timle\Development\Tools\jdk-11.0.2\bin\server;C:\Program Files\JetBrains\IntelliJ IDEA Community Edition 2023.3.2\bin;C:\Windows\System32\DriverStore\FileRepository\nv_dispsig.inf_amd64_1b8f9115c198ff0c;C:\Users\timle\AppData\Local\Temp\jna-110364689;C:\Users\timle\AppData\Local\Temp\flatlaf.temp

VM Arguments:
jvm_args: -javaagent:C:\Program Files\JetBrains\IntelliJ IDEA Community Edition 2023.3.2\lib\idea_rt.jar=51311:C:\Program Files\JetBrains\IntelliJ IDEA Community Edition 2023.3.2\bin -Dfile.encoding=UTF-8 
java_command: net.runelite.client.RuneLite
java_class_path (initial): C:\Users\timle\Development\runelite worldmap\runelite\runelite-client\target\classes;C:\Users\timle\.m2\repository\org\slf4j\slf4j-api\1.7.25\slf4j-api-1.7.25.jar;C:\Users\timle\.m2\repository\ch\qos\logback\logback-classic\1.2.9\logback-classic-1.2.9.jar;C:\Users\timle\.m2\repository\ch\qos\logback\logback-core\1.2.9\logback-core-1.2.9.jar;C:\Users\timle\.m2\repository\net\sf\jopt-simple\jopt-simple\5.0.1\jopt-simple-5.0.1.jar;C:\Users\timle\.m2\repository\com\google\guava\guava\23.2-jre\guava-23.2-jre.jar;C:\Users\timle\.m2\repository\com\google\inject\guice\4.1.0\guice-4.1.0-no_aop.jar;C:\Users\timle\.m2\repository\javax\inject\javax.inject\1\javax.inject-1.jar;C:\Users\timle\.m2\repository\aopalliance\aopalliance\1.0\aopalliance-1.0.jar;C:\Users\timle\.m2\repository\com\google\code\gson\gson\2.8.5\gson-2.8.5.jar;C:\Users\timle\.m2\repository\net\runelite\flatlaf\3.2.5-rl1\flatlaf-3.2.5-rl1.jar;C:\Users\timle\.m2\repository\org\apache\commons\commons-text\1.2\commons-text-1.2.jar;C:\Users\timle\.m2\repository\org\apache\commons\commons-lang3\3.7\commons-lang3-3.7.jar;C:\Users\timle\.m2\repository\net\runelite\archive-patcher\archive-patcher-applier\1.2\archive-patcher-applier-1.2.jar;C:\Users\timle\.m2\repository\net\java\dev\jna\jna\5.9.0\jna-5.9.0.jar;C:\Users\timle\.m2\repository\net\java\dev\jna\jna-platform\5.9.0\jna-platform-5.9.0.jar;C:\Users\timle\.m2\repository\com\google\code\findbugs\jsr305\3.0.2\jsr305-3.0.2.jar;C:\Users\timle\.m2\repository\com\google\protobuf\protobuf-javalite\3.21.12\protobuf-javalite-3.21.12.jar;C:\Users\timle\.m2\repository\net\runelite\rlawt\1.4\rlawt-1.4.jar;C:\Users\timle\.m2\repository\org\lwjgl\lwjgl\3.3.2\lwjgl-3.3.2.jar;C:\Users\timle\.m2\repository\org\lwjgl\lwjgl\3.3.2\lwjgl-3.3.2-natives-linux.jar;C:\Users\timle\.m2\repository\org\lwjgl\lwjgl\3.3.2\lwjgl-3.3.2-natives-macos.jar;C:\Users\timle\.m2\repository\org\lwjgl\lwjgl\3.3.2\lwjgl-3.3.2-natives-macos-arm64.jar;C:\Users\timle\.m2\reposito
Launcher Type: SUN_STANDARD

[Global flags]
     intx CICompilerCount                          = 12                                        {product} {ergonomic}
     uint ConcGCThreads                            = 3                                         {product} {ergonomic}
     uint G1ConcRefinementThreads                  = 13                                        {product} {ergonomic}
   size_t G1HeapRegionSize                         = 4194304                                   {product} {ergonomic}
    uintx GCDrainStackTargetSize                   = 64                                        {product} {ergonomic}
   size_t InitialHeapSize                          = 1061158912                                {product} {ergonomic}
   size_t MarkStackSize                            = 4194304                                   {product} {ergonomic}
   size_t MaxHeapSize                              = 16944988160                               {product} {ergonomic}
   size_t MaxNewSize                               = 10166992896                               {product} {ergonomic}
   size_t MinHeapDeltaBytes                        = 4194304                                   {product} {ergonomic}
    uintx NonNMethodCodeHeapSize                   = 7591728                                {pd product} {ergonomic}
    uintx NonProfiledCodeHeapSize                  = 122033256                              {pd product} {ergonomic}
    uintx ProfiledCodeHeapSize                     = 122033256                              {pd product} {ergonomic}
    uintx ReservedCodeCacheSize                    = 251658240                              {pd product} {ergonomic}
     bool SegmentedCodeCache                       = true                                      {product} {ergonomic}
     bool UseCompressedClassPointers               = true                                 {lp64_product} {ergonomic}
     bool UseCompressedOops                        = true                                 {lp64_product} {ergonomic}
     bool UseG1GC                                  = true                                      {product} {ergonomic}
     bool UseLargePagesIndividualAllocation        = false                                  {pd product} {ergonomic}

Logging:
Log output configuration:
 #0: stdout all=warning uptime,level,tags
 #1: stderr all=off uptime,level,tags

Environment Variables:
PATH=C:\Windows\system32;C:\Windows;C:\Windows\System32\Wbem;C:\Windows\System32\WindowsPowerShell\v1.0\;C:\Windows\System32\OpenSSH\;C:\Program Files\Git\cmd;C:\Program Files (x86)\NVIDIA Corporation\PhysX\Common;C:\Program Files\NVIDIA Corporation\NVIDIA NvDLISR;C:\Windows\system32;C:\Windows;C:\Windows\System32\Wbem;C:\Windows\System32\WindowsPowerShell\v1.0\;C:\Windows\System32\OpenSSH\;C:\Program Files\Git\cmd;C:\Users\timle\AppData\Local\Programs\Python\Python312\Scripts\;C:\Users\timle\AppData\Local\Programs\Python\Python312\;C:\Users\timle\AppData\Local\Microsoft\WindowsApps;;C:\Program Files\Apache NetBeans\jdk\bin
USERNAME=timle
OS=Windows_NT
PROCESSOR_IDENTIFIER=AMD64 Family 25 Model 97 Stepping 2, AuthenticAMD



---------------  S Y S T E M  ---------------

OS: Windows 10 , 64 bit Build 22621 (10.0.22621.2506)

CPU:total 16 (initial active 16) (16 cores per cpu, 2 threads per core) family 25 model 97 stepping 2, cmov, cx8, fxsr, mmx, sse, sse2, sse3, ssse3, sse4.1, sse4.2, popcnt, avx, avx2, aes, clmul, erms, mmxext, 3dnowpref, lzcnt, sse4a, ht, tsc, tscinvbit, tscinv, bmi1, bmi2, adx, evex, sh

Memory: 4k page, system-wide physical 64631M (50370M free)
TotalPageFile size 73847M (AvailPageFile size 53699M)
current process WorkingSet (physical memory assigned to process): 583M, peak: 591M
current process commit charge ("private bytes"): 1442M, peak: 1451M

vm_info: OpenJDK 64-Bit Server VM (11.0.2+9) for windows-amd64 JRE (11.0.2+9), built on Jan 18 2019 05:23:22 by "mach5one" with MS VC++ 15.5 (VS2017)

END.
