#
# A fatal error has been detected by the Java Runtime Environment:
#
#  EXCEPTION_ILLEGAL_INSTRUCTION (0xc000001d) at pc=0x0000021bc4c82732, pid=19228, tid=21344
#
# JRE version: OpenJDK Runtime Environment (11.0.2+9) (build 11.0.2+9)
# Java VM: OpenJDK 64-Bit Server VM (11.0.2+9, mixed mode, tiered, compressed oops, g1 gc, windows-amd64)
# Problematic frame:
# J 4379% c2 dx.rm(Ldx;II)V (1339 bytes) @ 0x0000021bc4c82732 [0x0000021bc4c81fc0+0x0000000000000772]
#
# No core dump will be written. Minidumps are not enabled by default on client versions of Windows
#
# If you would like to submit a bug report, please visit:
#   http://bugreport.java.com/bugreport/crash.jsp
#

---------------  S U M M A R Y ------------

Command Line: -javaagent:C:\Program Files\JetBrains\IntelliJ IDEA Community Edition 2023.3.2\lib\idea_rt.jar=51285:C:\Program Files\JetBrains\IntelliJ IDEA Community Edition 2023.3.2\bin -Dfile.encoding=UTF-8 net.runelite.client.RuneLite

Host: AMD Ryzen 7 7800X3D 8-Core Processor           , 16 cores, 63G,  Windows 10 , 64 bit Build 22621 (10.0.22621.2506)
Time: Thu Jan 25 14:41:47 2024 Central Standard Time elapsed time: 5 seconds (0d 0h 0m 5s)

---------------  T H R E A D  ---------------

Current thread (0x0000021bfeb80800):  JavaThread "Client" daemon [_thread_in_Java, id=21344, stack(0x000000be4e9f0000,0x000000be4eaf0000)]

Stack: [0x000000be4e9f0000,0x000000be4eaf0000],  sp=0x000000be4eaeeae0,  free space=1018k
Native frames: (J=compiled Java code, j=interpreted, Vv=VM code, C=native code)
C  0x0000021bc4c82732


siginfo: EXCEPTION_ILLEGAL_INSTRUCTION (0xc000001d)


Register to memory mapping:

RIP=0x0000021bc4c82732 is at entry_point+1906 in (nmethod*)0x0000021bc4c81e10
RAX=0x0 is NULL
RBX=0x0000000000000081 is an unknown value
RCX=0x0000000000000001 is an unknown value
RDX=0x000000000000807f is an unknown value
RSP=0x000000be4eaeeae0 is pointing into the stack for thread: 0x0000021bfeb80800
RBP=0x00000000000000fe is an unknown value
RSI=0x0000000000000001 is an unknown value
RDI=0x0000000000000001 is an unknown value
R8 =0x0 is NULL
R9 =0x0000000440820010 is an oop: [I 
{0x0000000440820010} - klass: {type array int}
 - length: 32768
R10=0xffffffffffffff81 is an unknown value
R11=0x0000000000000080 is an unknown value
R12=0x0 is NULL
R13=0x0000000440800000 is an oop: [I 
{0x0000000440800000} - klass: {type array int}
 - length: 32768
R14=2282749952 is a compressed pointer to object: [I 
{0x0000000440800000} - klass: {type array int}
 - length: 32768
R15=0x0000021bfeb80800 is a thread


Registers:
RAX=0x0000000000000000, RBX=0x0000000000000081, RCX=0x0000000000000001, RDX=0x000000000000807f
RSP=0x000000be4eaeeae0, RBP=0x00000000000000fe, RSI=0x0000000000000001, RDI=0x0000000000000001
R8 =0x0000000000000000, R9 =0x0000000440820010, R10=0xffffffffffffff81, R11=0x0000000000000080
R12=0x0000000000000000, R13=0x0000000440800000, R14=0x0000000088100000, R15=0x0000021bfeb80800
RIP=0x0000021bc4c82732, EFLAGS=0x0000000000010286

Top of Stack: (sp=0x000000be4eaeeae0)
0x000000be4eaeeae0:   000000be4eaeeb60 000000be00000000
0x000000be4eaeeaf0:   0000021bbce89e67 0000000000000070
0x000000be4eaeeb00:   058f55ae00000003 0000000440fad058
0x000000be4eaeeb10:   ffffffff00000001 0000000000008000
0x000000be4eaeeb20:   8810400200000080 0000000000008000
0x000000be4eaeeb30:   ffffff8100000000 0000000000000000
0x000000be4eaeeb40:   0000000000000000 0000000000000000
0x000000be4eaeeb50:   000000be4eaeebc0 0000021bbce89e67
0x000000be4eaeeb60:   deaddeaf058f55ae 0000000000000000
0x000000be4eaeeb70:   0000000440fad058 000000be4eaeeb78
0x000000be4eaeeb80:   0000021bf93c7cd0 000000be4eaeec18
0x000000be4eaeeb90:   0000021bffa99368 0000000000000000
0x000000be4eaeeba0:   00000004477b3548 0000021bf93c7d68
0x000000be4eaeebb0:   000000be4eaeeb60 000000be4eaeec00
0x000000be4eaeebc0:   000000be4eaeec68 0000021bbce89e67
0x000000be4eaeebd0:   0000000000000001 00000000e03cc976 

Instructions: (pc=0x0000021bc4c82732)
0x0000021bc4c82712:   44 89 44 24 20 eb 05 44 89 44 24 20 ba e4 ff ff
0x0000021bc4c82722:   ff 89 7c 24 34 89 4c 24 38 e8 50 58 20 f8 0f 0b
0x0000021bc4c82732:   0f 0b 0f 0b 89 44 24 20 41 8b e8 e9 1a ff ff ff
0x0000021bc4c82742:   ba 7e ff ff ff 49 8b eb 44 8b 54 24 30 44 89 54 


Stack slot to memory mapping:
stack at sp + 0 slots: 0x000000be4eaeeb60 is pointing into the stack for thread: 0x0000021bfeb80800
stack at sp + 1 slots: 0x000000be00000000 is an unknown value
stack at sp + 2 slots: 0x0000021bbce89e67 is at code_begin+2343 in an Interpreter codelet
invoke return entry points  [0x0000021bbce89540, 0x0000021bbce89f40]  2560 bytes
stack at sp + 3 slots: 0x0000000000000070 is an unknown value
stack at sp + 4 slots: 0x058f55ae00000003 is an unknown value
stack at sp + 5 slots: 0x0000000440fad058 is an oop: dx 
{0x0000000440fad058} - klass: 'dx'
stack at sp + 6 slots: 0xffffffff00000001 is an unknown value
stack at sp + 7 slots: 0x0000000000008000 is an unknown value



---------------  P R O C E S S  ---------------

Threads class SMR info:
_java_thread_list=0x0000021bfe604b00, length=39, elements={
0x0000021bb4b70000, 0x0000021bf51f8800, 0x0000021bf5201800, 0x0000021bf5260800,
0x0000021bf5261800, 0x0000021bf5263000, 0x0000021bf5266800, 0x0000021bf5218000,
0x0000021bf53ee800, 0x0000021bf53f2000, 0x0000021bf53f1000, 0x0000021bf5f28000,
0x0000021bf6093800, 0x0000021bf6c80000, 0x0000021bf6c81000, 0x0000021bf6c8a800,
0x0000021bf6c7e800, 0x0000021bfe30f800, 0x0000021bfe2a8800, 0x0000021bfe35c000,
0x0000021bfe3d1000, 0x0000021bf53f0800, 0x0000021bf53f3000, 0x0000021bf53f5000,
0x0000021bf53f4800, 0x0000021bf53ef800, 0x0000021bfeb78800, 0x0000021bfeb7f800,
0x0000021bfeb7a000, 0x0000021bfeb80800, 0x0000021bfeb7b800, 0x0000021bfeb7d000,
0x0000021bfeb7f000, 0x0000021bfeb7e000, 0x0000021bfeb79000, 0x0000021bfeb7a800,
0x0000021bfeb83800, 0x0000021bfeb85800, 0x0000021bfeb81800
}

Java Threads: ( => current thread )
  0x0000021bb4b70000 JavaThread "main" [_thread_in_native, id=9368, stack(0x000000be4b000000,0x000000be4b100000)]
  0x0000021bf51f8800 JavaThread "Reference Handler" daemon [_thread_blocked, id=2280, stack(0x000000be4b700000,0x000000be4b800000)]
  0x0000021bf5201800 JavaThread "Finalizer" daemon [_thread_blocked, id=18000, stack(0x000000be4b800000,0x000000be4b900000)]
  0x0000021bf5260800 JavaThread "Signal Dispatcher" daemon [_thread_blocked, id=13912, stack(0x000000be4b900000,0x000000be4ba00000)]
  0x0000021bf5261800 JavaThread "Attach Listener" daemon [_thread_blocked, id=20496, stack(0x000000be4ba00000,0x000000be4bb00000)]
  0x0000021bf5263000 JavaThread "C2 CompilerThread0" daemon [_thread_blocked, id=20036, stack(0x000000be4bb00000,0x000000be4bc00000)]
  0x0000021bf5266800 JavaThread "C1 CompilerThread0" daemon [_thread_blocked, id=18060, stack(0x000000be4bc00000,0x000000be4bd00000)]
  0x0000021bf5218000 JavaThread "Sweeper thread" daemon [_thread_blocked, id=9760, stack(0x000000be4bd00000,0x000000be4be00000)]
  0x0000021bf53ee800 JavaThread "Common-Cleaner" daemon [_thread_blocked, id=21460, stack(0x000000be4be00000,0x000000be4bf00000)]
  0x0000021bf53f2000 JavaThread "C1 CompilerThread1" daemon [_thread_blocked, id=18760, stack(0x000000be4bf00000,0x000000be4c000000)]
  0x0000021bf53f1000 JavaThread "C1 CompilerThread2" daemon [_thread_blocked, id=3936, stack(0x000000be4c000000,0x000000be4c100000)]
  0x0000021bf5f28000 JavaThread "Monitor Ctrl-Break" daemon [_thread_in_native, id=15200, stack(0x000000be4c200000,0x000000be4c300000)]
  0x0000021bf6093800 JavaThread "Service Thread" daemon [_thread_blocked, id=20920, stack(0x000000be4c300000,0x000000be4c400000)]
  0x0000021bf6c80000 JavaThread "Java2D Disposer" daemon [_thread_blocked, id=10212, stack(0x000000be4c800000,0x000000be4c900000)]
  0x0000021bf6c81000 JavaThread "AWT-Shutdown" [_thread_blocked, id=21380, stack(0x000000be4c900000,0x000000be4ca00000)]
  0x0000021bf6c8a800 JavaThread "AWT-Windows" daemon [_thread_in_native, id=20300, stack(0x000000be4ca00000,0x000000be4cb00000)]
  0x0000021bf6c7e800 JavaThread "AWT-EventQueue-0" [_thread_blocked, id=13856, stack(0x000000be4cb00000,0x000000be4cc00000)]
  0x0000021bfe30f800 JavaThread "TimerQueue" daemon [_thread_blocked, id=6336, stack(0x000000be4dae0000,0x000000be4dbe0000)]
  0x0000021bfe2a8800 JavaThread "D3D Screen Updater" daemon [_thread_blocked, id=21424, stack(0x000000be4dce0000,0x000000be4dde0000)]
  0x0000021bfe35c000 JavaThread "OkHttp Dispatcher" [_thread_blocked, id=13528, stack(0x000000be4dde0000,0x000000be4dee0000)]
  0x0000021bfe3d1000 JavaThread "OkHttp static.runelite.net Writer" [_thread_blocked, id=16484, stack(0x000000be4e1f0000,0x000000be4e2f0000)]
  0x0000021bf53f0800 JavaThread "OkHttp static.runelite.net" [_thread_in_native, id=8784, stack(0x000000be4e2f0000,0x000000be4e3f0000)]
  0x0000021bf53f3000 JavaThread "OkHttp ConnectionPool" daemon [_thread_blocked, id=19096, stack(0x000000be4e3f0000,0x000000be4e4f0000)]
  0x0000021bf53f5000 JavaThread "Okio Watchdog" daemon [_thread_blocked, id=19540, stack(0x000000be4e4f0000,0x000000be4e5f0000)]
  0x0000021bf53f4800 JavaThread "OkHttp Http2Connection" daemon [_thread_blocked, id=20476, stack(0x000000be4e5f0000,0x000000be4e6f0000)]
  0x0000021bf53ef800 JavaThread "C1 CompilerThread3" daemon [_thread_blocked, id=18012, stack(0x000000be4dbe0000,0x000000be4dce0000)]
  0x0000021bfeb78800 JavaThread "pool-3-thread-1" [_thread_blocked, id=340, stack(0x000000be4e6f0000,0x000000be4e7f0000)]
  0x0000021bfeb7f800 JavaThread "pool-2-thread-1" [_thread_blocked, id=17772, stack(0x000000be4e8f0000,0x000000be4e9f0000)]
  0x0000021bfeb7a000 JavaThread "Thread-1" daemon [_thread_blocked, id=21168, stack(0x000000be4def0000,0x000000be4dff0000)]
=>0x0000021bfeb80800 JavaThread "Client" daemon [_thread_in_Java, id=21344, stack(0x000000be4e9f0000,0x000000be4eaf0000)]
  0x0000021bfeb7b800 JavaThread "Thread-3" daemon [_thread_blocked, id=18156, stack(0x000000be4e7f0000,0x000000be4e8f0000)]
  0x0000021bfeb7d000 JavaThread "Thread-4" daemon [_thread_in_native, id=20612, stack(0x000000be4eaf0000,0x000000be4ebf0000)]
  0x0000021bfeb7f000 JavaThread "Thread-5" daemon [_thread_blocked, id=12684, stack(0x000000be4ebf0000,0x000000be4ecf0000)]
  0x0000021bfeb7e000 JavaThread "cache io" daemon [_thread_blocked, id=1328, stack(0x000000be4c500000,0x000000be4c600000)]
  0x0000021bfeb79000 JavaThread "C2 CompilerThread1" daemon [_thread_blocked, id=19008, stack(0x000000be4ecf0000,0x000000be4edf0000)]
  0x0000021bfeb7a800 JavaThread "C2 CompilerThread2" daemon [_thread_blocked, id=15948, stack(0x000000be4edf0000,0x000000be4eef0000)]
  0x0000021bfeb83800 JavaThread "Java Sound Event Dispatcher" daemon [_thread_blocked, id=17988, stack(0x000000be4f0f0000,0x000000be4f1f0000)]
  0x0000021bfeb85800 JavaThread "Sound Engine" [_thread_blocked, id=18360, stack(0x000000be4f4f0000,0x000000be4f5f0000)]
  0x0000021bfeb81800 JavaThread "Thread-7" daemon [_thread_blocked, id=17176, stack(0x000000be4f7f0000,0x000000be4f8f0000)]

Other Threads:
  0x0000021bf51d2800 VMThread "VM Thread" [stack: 0x000000be4b600000,0x000000be4b700000] [id=20956]
  0x0000021bf6096000 WatcherThread [stack: 0x000000be4c400000,0x000000be4c500000] [id=6884]
  0x0000021bb4b88800 GCTaskThread "GC Thread#0" [stack: 0x000000be4b100000,0x000000be4b200000] [id=18804]
  0x0000021bf762e800 GCTaskThread "GC Thread#1" [stack: 0x000000be4c700000,0x000000be4c800000] [id=16876]
  0x0000021bf762f800 GCTaskThread "GC Thread#2" [stack: 0x000000be4cee0000,0x000000be4cfe0000] [id=1920]
  0x0000021bf7630000 GCTaskThread "GC Thread#3" [stack: 0x000000be4cfe0000,0x000000be4d0e0000] [id=14820]
  0x0000021bf7631000 GCTaskThread "GC Thread#4" [stack: 0x000000be4d0e0000,0x000000be4d1e0000] [id=18844]
  0x0000021bf7632800 GCTaskThread "GC Thread#5" [stack: 0x000000be4d1e0000,0x000000be4d2e0000] [id=10604]
  0x0000021bf7633800 GCTaskThread "GC Thread#6" [stack: 0x000000be4d2e0000,0x000000be4d3e0000] [id=18556]
  0x0000021bf7634800 GCTaskThread "GC Thread#7" [stack: 0x000000be4d3e0000,0x000000be4d4e0000] [id=18328]
  0x0000021bf7636000 GCTaskThread "GC Thread#8" [stack: 0x000000be4d4e0000,0x000000be4d5e0000] [id=8404]
  0x0000021bfe1c3000 GCTaskThread "GC Thread#9" [stack: 0x000000be4d5e0000,0x000000be4d6e0000] [id=20780]
  0x0000021bfe1c4000 GCTaskThread "GC Thread#10" [stack: 0x000000be4d6e0000,0x000000be4d7e0000] [id=21144]
  0x0000021bfe1c5800 GCTaskThread "GC Thread#11" [stack: 0x000000be4d7e0000,0x000000be4d8e0000] [id=19808]
  0x0000021bfe1c0800 GCTaskThread "GC Thread#12" [stack: 0x000000be4d8e0000,0x000000be4d9e0000] [id=16216]
  0x0000021bf2048000 ConcurrentGCThread "G1 Main Marker" [stack: 0x000000be4b200000,0x000000be4b300000] [id=17128]
  0x0000021bb4c3e000 ConcurrentGCThread "G1 Conc#0" [stack: 0x000000be4b300000,0x000000be4b400000] [id=20976]
  0x0000021bfe1c1000 ConcurrentGCThread "G1 Conc#1" [stack: 0x000000be4d9e0000,0x000000be4dae0000] [id=21340]
  0x0000021bfe1c6000 ConcurrentGCThread "G1 Conc#2" [stack: 0x000000be4c100000,0x000000be4c200000] [id=14208]
  0x0000021bf5040800 ConcurrentGCThread "G1 Refine#0" [stack: 0x000000be4b400000,0x000000be4b500000] [id=19632]
  0x0000021bf5041800 ConcurrentGCThread "G1 Young RemSet Sampling" [stack: 0x000000be4b500000,0x000000be4b600000] [id=20168]

Threads with active compile tasks:

VM state:not at safepoint (normal execution)

VM Mutex/Monitor currently owned by a thread: None

Heap address: 0x000000040e000000, size: 16160 MB, Compressed Oops mode: Zero based, Oop shift amount: 3
Narrow klass base: 0x0000000800000000, Narrow klass shift: 0
Compressed class space size: 1073741824 Address: 0x0000000800000000

Heap:
 garbage-first heap   total 1036288K, used 225376K [0x000000040e000000, 0x0000000800000000)
  region size 4096K, 53 young (217088K), 2 survivors (8192K)
 Metaspace       used 53385K, capacity 54408K, committed 54576K, reserved 1097728K
  class space    used 5567K, capacity 5992K, committed 6016K, reserved 1048576K
Heap Regions: E=young(eden), S=young(survivor), O=old, HS=humongous(starts), HC=humongous(continues), CS=collection set, F=free, A=archive, TAMS=top-at-mark-start (previous, next)
|   0|0x000000040e000000, 0x000000040e400000, 0x000000040e400000|100%| O|  |TAMS 0x000000040e400000, 0x000000040e000000| Untracked 
|   1|0x000000040e400000, 0x000000040e613000, 0x000000040e800000| 51%| O|  |TAMS 0x000000040e613000, 0x000000040e400000| Untracked 
|   2|0x000000040e800000, 0x000000040ec00000, 0x000000040ec00000|100%|HS|  |TAMS 0x000000040e800000, 0x000000040e800000| Complete 
|   3|0x000000040ec00000, 0x000000040f000000, 0x000000040f000000|100%|HS|  |TAMS 0x000000040ec00000, 0x000000040ec00000| Complete 
|   4|0x000000040f000000, 0x000000040f400000, 0x000000040f400000|100%|HC|  |TAMS 0x000000040f000000, 0x000000040f000000| Complete 
|   5|0x000000040f400000, 0x000000040f400000, 0x000000040f800000|  0%| F|  |TAMS 0x000000040f400000, 0x000000040f400000| Untracked 
|   6|0x000000040f800000, 0x000000040f800000, 0x000000040fc00000|  0%| F|  |TAMS 0x000000040f800000, 0x000000040f800000| Untracked 
|   7|0x000000040fc00000, 0x000000040fc00000, 0x0000000410000000|  0%| F|  |TAMS 0x000000040fc00000, 0x000000040fc00000| Untracked 
|   8|0x0000000410000000, 0x0000000410000000, 0x0000000410400000|  0%| F|  |TAMS 0x0000000410000000, 0x0000000410000000| Untracked 
|   9|0x0000000410400000, 0x0000000410400000, 0x0000000410800000|  0%| F|  |TAMS 0x0000000410400000, 0x0000000410400000| Untracked 
|  10|0x0000000410800000, 0x0000000410800000, 0x0000000410c00000|  0%| F|  |TAMS 0x0000000410800000, 0x0000000410800000| Untracked 
|  11|0x0000000410c00000, 0x0000000410c00000, 0x0000000411000000|  0%| F|  |TAMS 0x0000000410c00000, 0x0000000410c00000| Untracked 
|  12|0x0000000411000000, 0x0000000411000000, 0x0000000411400000|  0%| F|  |TAMS 0x0000000411000000, 0x0000000411000000| Untracked 
|  13|0x0000000411400000, 0x0000000411400000, 0x0000000411800000|  0%| F|  |TAMS 0x0000000411400000, 0x0000000411400000| Untracked 
|  14|0x0000000411800000, 0x0000000411800000, 0x0000000411c00000|  0%| F|  |TAMS 0x0000000411800000, 0x0000000411800000| Untracked 
|  15|0x0000000411c00000, 0x0000000411c00000, 0x0000000412000000|  0%| F|  |TAMS 0x0000000411c00000, 0x0000000411c00000| Untracked 
|  16|0x0000000412000000, 0x0000000412000000, 0x0000000412400000|  0%| F|  |TAMS 0x0000000412000000, 0x0000000412000000| Untracked 
|  17|0x0000000412400000, 0x0000000412400000, 0x0000000412800000|  0%| F|  |TAMS 0x0000000412400000, 0x0000000412400000| Untracked 
|  18|0x0000000412800000, 0x0000000412800000, 0x0000000412c00000|  0%| F|  |TAMS 0x0000000412800000, 0x0000000412800000| Untracked 
|  19|0x0000000412c00000, 0x0000000412c00000, 0x0000000413000000|  0%| F|  |TAMS 0x0000000412c00000, 0x0000000412c00000| Untracked 
|  20|0x0000000413000000, 0x0000000413000000, 0x0000000413400000|  0%| F|  |TAMS 0x0000000413000000, 0x0000000413000000| Untracked 
|  21|0x0000000413400000, 0x0000000413400000, 0x0000000413800000|  0%| F|  |TAMS 0x0000000413400000, 0x0000000413400000| Untracked 
|  22|0x0000000413800000, 0x0000000413800000, 0x0000000413c00000|  0%| F|  |TAMS 0x0000000413800000, 0x0000000413800000| Untracked 
|  23|0x0000000413c00000, 0x0000000413c00000, 0x0000000414000000|  0%| F|  |TAMS 0x0000000413c00000, 0x0000000413c00000| Untracked 
|  24|0x0000000414000000, 0x0000000414000000, 0x0000000414400000|  0%| F|  |TAMS 0x0000000414000000, 0x0000000414000000| Untracked 
|  25|0x0000000414400000, 0x0000000414400000, 0x0000000414800000|  0%| F|  |TAMS 0x0000000414400000, 0x0000000414400000| Untracked 
|  26|0x0000000414800000, 0x0000000414800000, 0x0000000414c00000|  0%| F|  |TAMS 0x0000000414800000, 0x0000000414800000| Untracked 
|  27|0x0000000414c00000, 0x0000000414c00000, 0x0000000415000000|  0%| F|  |TAMS 0x0000000414c00000, 0x0000000414c00000| Untracked 
|  28|0x0000000415000000, 0x0000000415000000, 0x0000000415400000|  0%| F|  |TAMS 0x0000000415000000, 0x0000000415000000| Untracked 
|  29|0x0000000415400000, 0x0000000415400000, 0x0000000415800000|  0%| F|  |TAMS 0x0000000415400000, 0x0000000415400000| Untracked 
|  30|0x0000000415800000, 0x0000000415800000, 0x0000000415c00000|  0%| F|  |TAMS 0x0000000415800000, 0x0000000415800000| Untracked 
|  31|0x0000000415c00000, 0x0000000415c00000, 0x0000000416000000|  0%| F|  |TAMS 0x0000000415c00000, 0x0000000415c00000| Untracked 
|  32|0x0000000416000000, 0x0000000416000000, 0x0000000416400000|  0%| F|  |TAMS 0x0000000416000000, 0x0000000416000000| Untracked 
|  33|0x0000000416400000, 0x0000000416400000, 0x0000000416800000|  0%| F|  |TAMS 0x0000000416400000, 0x0000000416400000| Untracked 
|  34|0x0000000416800000, 0x0000000416800000, 0x0000000416c00000|  0%| F|  |TAMS 0x0000000416800000, 0x0000000416800000| Untracked 
|  35|0x0000000416c00000, 0x0000000416c00000, 0x0000000417000000|  0%| F|  |TAMS 0x0000000416c00000, 0x0000000416c00000| Untracked 
|  36|0x0000000417000000, 0x0000000417000000, 0x0000000417400000|  0%| F|  |TAMS 0x0000000417000000, 0x0000000417000000| Untracked 
|  37|0x0000000417400000, 0x0000000417400000, 0x0000000417800000|  0%| F|  |TAMS 0x0000000417400000, 0x0000000417400000| Untracked 
|  38|0x0000000417800000, 0x0000000417800000, 0x0000000417c00000|  0%| F|  |TAMS 0x0000000417800000, 0x0000000417800000| Untracked 
|  39|0x0000000417c00000, 0x0000000417c00000, 0x0000000418000000|  0%| F|  |TAMS 0x0000000417c00000, 0x0000000417c00000| Untracked 
|  40|0x0000000418000000, 0x0000000418000000, 0x0000000418400000|  0%| F|  |TAMS 0x0000000418000000, 0x0000000418000000| Untracked 
|  41|0x0000000418400000, 0x0000000418400000, 0x0000000418800000|  0%| F|  |TAMS 0x0000000418400000, 0x0000000418400000| Untracked 
|  42|0x0000000418800000, 0x0000000418800000, 0x0000000418c00000|  0%| F|  |TAMS 0x0000000418800000, 0x0000000418800000| Untracked 
|  43|0x0000000418c00000, 0x0000000418c00000, 0x0000000419000000|  0%| F|  |TAMS 0x0000000418c00000, 0x0000000418c00000| Untracked 
|  44|0x0000000419000000, 0x0000000419000000, 0x0000000419400000|  0%| F|  |TAMS 0x0000000419000000, 0x0000000419000000| Untracked 
|  45|0x0000000419400000, 0x0000000419400000, 0x0000000419800000|  0%| F|  |TAMS 0x0000000419400000, 0x0000000419400000| Untracked 
|  46|0x0000000419800000, 0x0000000419800000, 0x0000000419c00000|  0%| F|  |TAMS 0x0000000419800000, 0x0000000419800000| Untracked 
|  47|0x0000000419c00000, 0x0000000419c00000, 0x000000041a000000|  0%| F|  |TAMS 0x0000000419c00000, 0x0000000419c00000| Untracked 
|  48|0x000000041a000000, 0x000000041a000000, 0x000000041a400000|  0%| F|  |TAMS 0x000000041a000000, 0x000000041a000000| Untracked 
|  49|0x000000041a400000, 0x000000041a400000, 0x000000041a800000|  0%| F|  |TAMS 0x000000041a400000, 0x000000041a400000| Untracked 
|  50|0x000000041a800000, 0x000000041a800000, 0x000000041ac00000|  0%| F|  |TAMS 0x000000041a800000, 0x000000041a800000| Untracked 
|  51|0x000000041ac00000, 0x000000041ac00000, 0x000000041b000000|  0%| F|  |TAMS 0x000000041ac00000, 0x000000041ac00000| Untracked 
|  52|0x000000041b000000, 0x000000041b000000, 0x000000041b400000|  0%| F|  |TAMS 0x000000041b000000, 0x000000041b000000| Untracked 
|  53|0x000000041b400000, 0x000000041b400000, 0x000000041b800000|  0%| F|  |TAMS 0x000000041b400000, 0x000000041b400000| Untracked 
|  54|0x000000041b800000, 0x000000041b800000, 0x000000041bc00000|  0%| F|  |TAMS 0x000000041b800000, 0x000000041b800000| Untracked 
|  55|0x000000041bc00000, 0x000000041bc00000, 0x000000041c000000|  0%| F|  |TAMS 0x000000041bc00000, 0x000000041bc00000| Untracked 
|  56|0x000000041c000000, 0x000000041c000000, 0x000000041c400000|  0%| F|  |TAMS 0x000000041c000000, 0x000000041c000000| Untracked 
|  57|0x000000041c400000, 0x000000041c400000, 0x000000041c800000|  0%| F|  |TAMS 0x000000041c400000, 0x000000041c400000| Untracked 
|  58|0x000000041c800000, 0x000000041c800000, 0x000000041cc00000|  0%| F|  |TAMS 0x000000041c800000, 0x000000041c800000| Untracked 
|  59|0x000000041cc00000, 0x000000041cc00000, 0x000000041d000000|  0%| F|  |TAMS 0x000000041cc00000, 0x000000041cc00000| Untracked 
|  60|0x000000041d000000, 0x000000041d000000, 0x000000041d400000|  0%| F|  |TAMS 0x000000041d000000, 0x000000041d000000| Untracked 
|  61|0x000000041d400000, 0x000000041d400000, 0x000000041d800000|  0%| F|  |TAMS 0x000000041d400000, 0x000000041d400000| Untracked 
|  62|0x000000041d800000, 0x000000041d800000, 0x000000041dc00000|  0%| F|  |TAMS 0x000000041d800000, 0x000000041d800000| Untracked 
|  63|0x000000041dc00000, 0x000000041dc00000, 0x000000041e000000|  0%| F|  |TAMS 0x000000041dc00000, 0x000000041dc00000| Untracked 
|  64|0x000000041e000000, 0x000000041e000000, 0x000000041e400000|  0%| F|  |TAMS 0x000000041e000000, 0x000000041e000000| Untracked 
|  65|0x000000041e400000, 0x000000041e400000, 0x000000041e800000|  0%| F|  |TAMS 0x000000041e400000, 0x000000041e400000| Untracked 
|  66|0x000000041e800000, 0x000000041e800000, 0x000000041ec00000|  0%| F|  |TAMS 0x000000041e800000, 0x000000041e800000| Untracked 
|  67|0x000000041ec00000, 0x000000041ec00000, 0x000000041f000000|  0%| F|  |TAMS 0x000000041ec00000, 0x000000041ec00000| Untracked 
|  68|0x000000041f000000, 0x000000041f000000, 0x000000041f400000|  0%| F|  |TAMS 0x000000041f000000, 0x000000041f000000| Untracked 
|  69|0x000000041f400000, 0x000000041f400000, 0x000000041f800000|  0%| F|  |TAMS 0x000000041f400000, 0x000000041f400000| Untracked 
|  70|0x000000041f800000, 0x000000041f800000, 0x000000041fc00000|  0%| F|  |TAMS 0x000000041f800000, 0x000000041f800000| Untracked 
|  71|0x000000041fc00000, 0x000000041fc00000, 0x0000000420000000|  0%| F|  |TAMS 0x000000041fc00000, 0x000000041fc00000| Untracked 
|  72|0x0000000420000000, 0x0000000420000000, 0x0000000420400000|  0%| F|  |TAMS 0x0000000420000000, 0x0000000420000000| Untracked 
|  73|0x0000000420400000, 0x0000000420400000, 0x0000000420800000|  0%| F|  |TAMS 0x0000000420400000, 0x0000000420400000| Untracked 
|  74|0x0000000420800000, 0x0000000420800000, 0x0000000420c00000|  0%| F|  |TAMS 0x0000000420800000, 0x0000000420800000| Untracked 
|  75|0x0000000420c00000, 0x0000000420c00000, 0x0000000421000000|  0%| F|  |TAMS 0x0000000420c00000, 0x0000000420c00000| Untracked 
|  76|0x0000000421000000, 0x0000000421000000, 0x0000000421400000|  0%| F|  |TAMS 0x0000000421000000, 0x0000000421000000| Untracked 
|  77|0x0000000421400000, 0x0000000421400000, 0x0000000421800000|  0%| F|  |TAMS 0x0000000421400000, 0x0000000421400000| Untracked 
|  78|0x0000000421800000, 0x0000000421800000, 0x0000000421c00000|  0%| F|  |TAMS 0x0000000421800000, 0x0000000421800000| Untracked 
|  79|0x0000000421c00000, 0x0000000421c00000, 0x0000000422000000|  0%| F|  |TAMS 0x0000000421c00000, 0x0000000421c00000| Untracked 
|  80|0x0000000422000000, 0x0000000422000000, 0x0000000422400000|  0%| F|  |TAMS 0x0000000422000000, 0x0000000422000000| Untracked 
|  81|0x0000000422400000, 0x0000000422400000, 0x0000000422800000|  0%| F|  |TAMS 0x0000000422400000, 0x0000000422400000| Untracked 
|  82|0x0000000422800000, 0x0000000422800000, 0x0000000422c00000|  0%| F|  |TAMS 0x0000000422800000, 0x0000000422800000| Untracked 
|  83|0x0000000422c00000, 0x0000000422c00000, 0x0000000423000000|  0%| F|  |TAMS 0x0000000422c00000, 0x0000000422c00000| Untracked 
|  84|0x0000000423000000, 0x0000000423000000, 0x0000000423400000|  0%| F|  |TAMS 0x0000000423000000, 0x0000000423000000| Untracked 
|  85|0x0000000423400000, 0x0000000423400000, 0x0000000423800000|  0%| F|  |TAMS 0x0000000423400000, 0x0000000423400000| Untracked 
|  86|0x0000000423800000, 0x0000000423800000, 0x0000000423c00000|  0%| F|  |TAMS 0x0000000423800000, 0x0000000423800000| Untracked 
|  87|0x0000000423c00000, 0x0000000423c00000, 0x0000000424000000|  0%| F|  |TAMS 0x0000000423c00000, 0x0000000423c00000| Untracked 
|  88|0x0000000424000000, 0x0000000424000000, 0x0000000424400000|  0%| F|  |TAMS 0x0000000424000000, 0x0000000424000000| Untracked 
|  89|0x0000000424400000, 0x0000000424400000, 0x0000000424800000|  0%| F|  |TAMS 0x0000000424400000, 0x0000000424400000| Untracked 
|  90|0x0000000424800000, 0x0000000424800000, 0x0000000424c00000|  0%| F|  |TAMS 0x0000000424800000, 0x0000000424800000| Untracked 
|  91|0x0000000424c00000, 0x0000000424c00000, 0x0000000425000000|  0%| F|  |TAMS 0x0000000424c00000, 0x0000000424c00000| Untracked 
|  92|0x0000000425000000, 0x0000000425000000, 0x0000000425400000|  0%| F|  |TAMS 0x0000000425000000, 0x0000000425000000| Untracked 
|  93|0x0000000425400000, 0x0000000425400000, 0x0000000425800000|  0%| F|  |TAMS 0x0000000425400000, 0x0000000425400000| Untracked 
|  94|0x0000000425800000, 0x0000000425800000, 0x0000000425c00000|  0%| F|  |TAMS 0x0000000425800000, 0x0000000425800000| Untracked 
|  95|0x0000000425c00000, 0x0000000425c00000, 0x0000000426000000|  0%| F|  |TAMS 0x0000000425c00000, 0x0000000425c00000| Untracked 
|  96|0x0000000426000000, 0x0000000426000000, 0x0000000426400000|  0%| F|  |TAMS 0x0000000426000000, 0x0000000426000000| Untracked 
|  97|0x0000000426400000, 0x0000000426400000, 0x0000000426800000|  0%| F|  |TAMS 0x0000000426400000, 0x0000000426400000| Untracked 
|  98|0x0000000426800000, 0x0000000426800000, 0x0000000426c00000|  0%| F|  |TAMS 0x0000000426800000, 0x0000000426800000| Untracked 
|  99|0x0000000426c00000, 0x0000000426c00000, 0x0000000427000000|  0%| F|  |TAMS 0x0000000426c00000, 0x0000000426c00000| Untracked 
| 100|0x0000000427000000, 0x0000000427000000, 0x0000000427400000|  0%| F|  |TAMS 0x0000000427000000, 0x0000000427000000| Untracked 
| 101|0x0000000427400000, 0x0000000427400000, 0x0000000427800000|  0%| F|  |TAMS 0x0000000427400000, 0x0000000427400000| Untracked 
| 102|0x0000000427800000, 0x0000000427800000, 0x0000000427c00000|  0%| F|  |TAMS 0x0000000427800000, 0x0000000427800000| Untracked 
| 103|0x0000000427c00000, 0x0000000427c00000, 0x0000000428000000|  0%| F|  |TAMS 0x0000000427c00000, 0x0000000427c00000| Untracked 
| 104|0x0000000428000000, 0x0000000428000000, 0x0000000428400000|  0%| F|  |TAMS 0x0000000428000000, 0x0000000428000000| Untracked 
| 105|0x0000000428400000, 0x0000000428400000, 0x0000000428800000|  0%| F|  |TAMS 0x0000000428400000, 0x0000000428400000| Untracked 
| 106|0x0000000428800000, 0x0000000428800000, 0x0000000428c00000|  0%| F|  |TAMS 0x0000000428800000, 0x0000000428800000| Untracked 
| 107|0x0000000428c00000, 0x0000000428c00000, 0x0000000429000000|  0%| F|  |TAMS 0x0000000428c00000, 0x0000000428c00000| Untracked 
| 108|0x0000000429000000, 0x0000000429000000, 0x0000000429400000|  0%| F|  |TAMS 0x0000000429000000, 0x0000000429000000| Untracked 
| 109|0x0000000429400000, 0x0000000429400000, 0x0000000429800000|  0%| F|  |TAMS 0x0000000429400000, 0x0000000429400000| Untracked 
| 110|0x0000000429800000, 0x0000000429800000, 0x0000000429c00000|  0%| F|  |TAMS 0x0000000429800000, 0x0000000429800000| Untracked 
| 111|0x0000000429c00000, 0x0000000429c00000, 0x000000042a000000|  0%| F|  |TAMS 0x0000000429c00000, 0x0000000429c00000| Untracked 
| 112|0x000000042a000000, 0x000000042a000000, 0x000000042a400000|  0%| F|  |TAMS 0x000000042a000000, 0x000000042a000000| Untracked 
| 113|0x000000042a400000, 0x000000042a400000, 0x000000042a800000|  0%| F|  |TAMS 0x000000042a400000, 0x000000042a400000| Untracked 
| 114|0x000000042a800000, 0x000000042a800000, 0x000000042ac00000|  0%| F|  |TAMS 0x000000042a800000, 0x000000042a800000| Untracked 
| 115|0x000000042ac00000, 0x000000042ac00000, 0x000000042b000000|  0%| F|  |TAMS 0x000000042ac00000, 0x000000042ac00000| Untracked 
| 116|0x000000042b000000, 0x000000042b000000, 0x000000042b400000|  0%| F|  |TAMS 0x000000042b000000, 0x000000042b000000| Untracked 
| 117|0x000000042b400000, 0x000000042b400000, 0x000000042b800000|  0%| F|  |TAMS 0x000000042b400000, 0x000000042b400000| Untracked 
| 118|0x000000042b800000, 0x000000042b800000, 0x000000042bc00000|  0%| F|  |TAMS 0x000000042b800000, 0x000000042b800000| Untracked 
| 119|0x000000042bc00000, 0x000000042bc00000, 0x000000042c000000|  0%| F|  |TAMS 0x000000042bc00000, 0x000000042bc00000| Untracked 
| 120|0x000000042c000000, 0x000000042c000000, 0x000000042c400000|  0%| F|  |TAMS 0x000000042c000000, 0x000000042c000000| Untracked 
| 121|0x000000042c400000, 0x000000042c400000, 0x000000042c800000|  0%| F|  |TAMS 0x000000042c400000, 0x000000042c400000| Untracked 
| 122|0x000000042c800000, 0x000000042c800000, 0x000000042cc00000|  0%| F|  |TAMS 0x000000042c800000, 0x000000042c800000| Untracked 
| 123|0x000000042cc00000, 0x000000042cc00000, 0x000000042d000000|  0%| F|  |TAMS 0x000000042cc00000, 0x000000042cc00000| Untracked 
| 124|0x000000042d000000, 0x000000042d000000, 0x000000042d400000|  0%| F|  |TAMS 0x000000042d000000, 0x000000042d000000| Untracked 
| 125|0x000000042d400000, 0x000000042d400000, 0x000000042d800000|  0%| F|  |TAMS 0x000000042d400000, 0x000000042d400000| Untracked 
| 126|0x000000042d800000, 0x000000042d800000, 0x000000042dc00000|  0%| F|  |TAMS 0x000000042d800000, 0x000000042d800000| Untracked 
| 127|0x000000042dc00000, 0x000000042dc00000, 0x000000042e000000|  0%| F|  |TAMS 0x000000042dc00000, 0x000000042dc00000| Untracked 
| 128|0x000000042e000000, 0x000000042e000000, 0x000000042e400000|  0%| F|  |TAMS 0x000000042e000000, 0x000000042e000000| Untracked 
| 129|0x000000042e400000, 0x000000042e400000, 0x000000042e800000|  0%| F|  |TAMS 0x000000042e400000, 0x000000042e400000| Untracked 
| 130|0x000000042e800000, 0x000000042e800000, 0x000000042ec00000|  0%| F|  |TAMS 0x000000042e800000, 0x000000042e800000| Untracked 
| 131|0x000000042ec00000, 0x000000042ec00000, 0x000000042f000000|  0%| F|  |TAMS 0x000000042ec00000, 0x000000042ec00000| Untracked 
| 132|0x000000042f000000, 0x000000042f000000, 0x000000042f400000|  0%| F|  |TAMS 0x000000042f000000, 0x000000042f000000| Untracked 
| 133|0x000000042f400000, 0x000000042f400000, 0x000000042f800000|  0%| F|  |TAMS 0x000000042f400000, 0x000000042f400000| Untracked 
| 134|0x000000042f800000, 0x000000042f800000, 0x000000042fc00000|  0%| F|  |TAMS 0x000000042f800000, 0x000000042f800000| Untracked 
| 135|0x000000042fc00000, 0x000000042fc00000, 0x0000000430000000|  0%| F|  |TAMS 0x000000042fc00000, 0x000000042fc00000| Untracked 
| 136|0x0000000430000000, 0x0000000430000000, 0x0000000430400000|  0%| F|  |TAMS 0x0000000430000000, 0x0000000430000000| Untracked 
| 137|0x0000000430400000, 0x0000000430400000, 0x0000000430800000|  0%| F|  |TAMS 0x0000000430400000, 0x0000000430400000| Untracked 
| 138|0x0000000430800000, 0x0000000430800000, 0x0000000430c00000|  0%| F|  |TAMS 0x0000000430800000, 0x0000000430800000| Untracked 
| 139|0x0000000430c00000, 0x0000000430c00000, 0x0000000431000000|  0%| F|  |TAMS 0x0000000430c00000, 0x0000000430c00000| Untracked 
| 140|0x0000000431000000, 0x0000000431000000, 0x0000000431400000|  0%| F|  |TAMS 0x0000000431000000, 0x0000000431000000| Untracked 
| 141|0x0000000431400000, 0x0000000431400000, 0x0000000431800000|  0%| F|  |TAMS 0x0000000431400000, 0x0000000431400000| Untracked 
| 142|0x0000000431800000, 0x0000000431800000, 0x0000000431c00000|  0%| F|  |TAMS 0x0000000431800000, 0x0000000431800000| Untracked 
| 143|0x0000000431c00000, 0x0000000431c00000, 0x0000000432000000|  0%| F|  |TAMS 0x0000000431c00000, 0x0000000431c00000| Untracked 
| 144|0x0000000432000000, 0x0000000432000000, 0x0000000432400000|  0%| F|  |TAMS 0x0000000432000000, 0x0000000432000000| Untracked 
| 145|0x0000000432400000, 0x0000000432400000, 0x0000000432800000|  0%| F|  |TAMS 0x0000000432400000, 0x0000000432400000| Untracked 
| 146|0x0000000432800000, 0x0000000432800000, 0x0000000432c00000|  0%| F|  |TAMS 0x0000000432800000, 0x0000000432800000| Untracked 
| 147|0x0000000432c00000, 0x0000000432c00000, 0x0000000433000000|  0%| F|  |TAMS 0x0000000432c00000, 0x0000000432c00000| Untracked 
| 148|0x0000000433000000, 0x0000000433000000, 0x0000000433400000|  0%| F|  |TAMS 0x0000000433000000, 0x0000000433000000| Untracked 
| 149|0x0000000433400000, 0x0000000433400000, 0x0000000433800000|  0%| F|  |TAMS 0x0000000433400000, 0x0000000433400000| Untracked 
| 150|0x0000000433800000, 0x0000000433800000, 0x0000000433c00000|  0%| F|  |TAMS 0x0000000433800000, 0x0000000433800000| Untracked 
| 151|0x0000000433c00000, 0x0000000433c00000, 0x0000000434000000|  0%| F|  |TAMS 0x0000000433c00000, 0x0000000433c00000| Untracked 
| 152|0x0000000434000000, 0x0000000434000000, 0x0000000434400000|  0%| F|  |TAMS 0x0000000434000000, 0x0000000434000000| Untracked 
| 153|0x0000000434400000, 0x0000000434400000, 0x0000000434800000|  0%| F|  |TAMS 0x0000000434400000, 0x0000000434400000| Untracked 
| 154|0x0000000434800000, 0x0000000434800000, 0x0000000434c00000|  0%| F|  |TAMS 0x0000000434800000, 0x0000000434800000| Untracked 
| 155|0x0000000434c00000, 0x0000000434c00000, 0x0000000435000000|  0%| F|  |TAMS 0x0000000434c00000, 0x0000000434c00000| Untracked 
| 156|0x0000000435000000, 0x0000000435000000, 0x0000000435400000|  0%| F|  |TAMS 0x0000000435000000, 0x0000000435000000| Untracked 
| 157|0x0000000435400000, 0x0000000435400000, 0x0000000435800000|  0%| F|  |TAMS 0x0000000435400000, 0x0000000435400000| Untracked 
| 158|0x0000000435800000, 0x0000000435800000, 0x0000000435c00000|  0%| F|  |TAMS 0x0000000435800000, 0x0000000435800000| Untracked 
| 159|0x0000000435c00000, 0x0000000435c00000, 0x0000000436000000|  0%| F|  |TAMS 0x0000000435c00000, 0x0000000435c00000| Untracked 
| 160|0x0000000436000000, 0x0000000436000000, 0x0000000436400000|  0%| F|  |TAMS 0x0000000436000000, 0x0000000436000000| Untracked 
| 161|0x0000000436400000, 0x0000000436400000, 0x0000000436800000|  0%| F|  |TAMS 0x0000000436400000, 0x0000000436400000| Untracked 
| 162|0x0000000436800000, 0x0000000436800000, 0x0000000436c00000|  0%| F|  |TAMS 0x0000000436800000, 0x0000000436800000| Untracked 
| 163|0x0000000436c00000, 0x0000000436c00000, 0x0000000437000000|  0%| F|  |TAMS 0x0000000436c00000, 0x0000000436c00000| Untracked 
| 164|0x0000000437000000, 0x0000000437000000, 0x0000000437400000|  0%| F|  |TAMS 0x0000000437000000, 0x0000000437000000| Untracked 
| 165|0x0000000437400000, 0x0000000437400000, 0x0000000437800000|  0%| F|  |TAMS 0x0000000437400000, 0x0000000437400000| Untracked 
| 166|0x0000000437800000, 0x0000000437800000, 0x0000000437c00000|  0%| F|  |TAMS 0x0000000437800000, 0x0000000437800000| Untracked 
| 167|0x0000000437c00000, 0x0000000437c00000, 0x0000000438000000|  0%| F|  |TAMS 0x0000000437c00000, 0x0000000437c00000| Untracked 
| 168|0x0000000438000000, 0x0000000438000000, 0x0000000438400000|  0%| F|  |TAMS 0x0000000438000000, 0x0000000438000000| Untracked 
| 169|0x0000000438400000, 0x0000000438400000, 0x0000000438800000|  0%| F|  |TAMS 0x0000000438400000, 0x0000000438400000| Untracked 
| 170|0x0000000438800000, 0x0000000438800000, 0x0000000438c00000|  0%| F|  |TAMS 0x0000000438800000, 0x0000000438800000| Untracked 
| 171|0x0000000438c00000, 0x0000000438c00000, 0x0000000439000000|  0%| F|  |TAMS 0x0000000438c00000, 0x0000000438c00000| Untracked 
| 172|0x0000000439000000, 0x0000000439000000, 0x0000000439400000|  0%| F|  |TAMS 0x0000000439000000, 0x0000000439000000| Untracked 
| 173|0x0000000439400000, 0x0000000439400000, 0x0000000439800000|  0%| F|  |TAMS 0x0000000439400000, 0x0000000439400000| Untracked 
| 174|0x0000000439800000, 0x0000000439800000, 0x0000000439c00000|  0%| F|  |TAMS 0x0000000439800000, 0x0000000439800000| Untracked 
| 175|0x0000000439c00000, 0x0000000439c00000, 0x000000043a000000|  0%| F|  |TAMS 0x0000000439c00000, 0x0000000439c00000| Untracked 
| 176|0x000000043a000000, 0x000000043a000000, 0x000000043a400000|  0%| F|  |TAMS 0x000000043a000000, 0x000000043a000000| Untracked 
| 177|0x000000043a400000, 0x000000043a400000, 0x000000043a800000|  0%| F|  |TAMS 0x000000043a400000, 0x000000043a400000| Untracked 
| 178|0x000000043a800000, 0x000000043a800000, 0x000000043ac00000|  0%| F|  |TAMS 0x000000043a800000, 0x000000043a800000| Untracked 
| 179|0x000000043ac00000, 0x000000043ac00000, 0x000000043b000000|  0%| F|  |TAMS 0x000000043ac00000, 0x000000043ac00000| Untracked 
| 180|0x000000043b000000, 0x000000043b000000, 0x000000043b400000|  0%| F|  |TAMS 0x000000043b000000, 0x000000043b000000| Untracked 
| 181|0x000000043b400000, 0x000000043b400000, 0x000000043b800000|  0%| F|  |TAMS 0x000000043b400000, 0x000000043b400000| Untracked 
| 182|0x000000043b800000, 0x000000043b800000, 0x000000043bc00000|  0%| F|  |TAMS 0x000000043b800000, 0x000000043b800000| Untracked 
| 183|0x000000043bc00000, 0x000000043bc00000, 0x000000043c000000|  0%| F|  |TAMS 0x000000043bc00000, 0x000000043bc00000| Untracked 
| 184|0x000000043c000000, 0x000000043c000000, 0x000000043c400000|  0%| F|  |TAMS 0x000000043c000000, 0x000000043c000000| Untracked 
| 185|0x000000043c400000, 0x000000043c400000, 0x000000043c800000|  0%| F|  |TAMS 0x000000043c400000, 0x000000043c400000| Untracked 
| 186|0x000000043c800000, 0x000000043c800000, 0x000000043cc00000|  0%| F|  |TAMS 0x000000043c800000, 0x000000043c800000| Untracked 
| 187|0x000000043cc00000, 0x000000043cc00000, 0x000000043d000000|  0%| F|  |TAMS 0x000000043cc00000, 0x000000043cc00000| Untracked 
| 188|0x000000043d000000, 0x000000043d000000, 0x000000043d400000|  0%| F|  |TAMS 0x000000043d000000, 0x000000043d000000| Untracked 
| 189|0x000000043d400000, 0x000000043d400000, 0x000000043d800000|  0%| F|  |TAMS 0x000000043d400000, 0x000000043d400000| Untracked 
| 190|0x000000043d800000, 0x000000043d800000, 0x000000043dc00000|  0%| F|  |TAMS 0x000000043d800000, 0x000000043d800000| Untracked 
| 191|0x000000043dc00000, 0x000000043dc00000, 0x000000043e000000|  0%| F|  |TAMS 0x000000043dc00000, 0x000000043dc00000| Untracked 
| 192|0x000000043e000000, 0x000000043e000000, 0x000000043e400000|  0%| F|  |TAMS 0x000000043e000000, 0x000000043e000000| Untracked 
| 193|0x000000043e400000, 0x000000043e400000, 0x000000043e800000|  0%| F|  |TAMS 0x000000043e400000, 0x000000043e400000| Untracked 
| 194|0x000000043e800000, 0x000000043e800000, 0x000000043ec00000|  0%| F|  |TAMS 0x000000043e800000, 0x000000043e800000| Untracked 
| 195|0x000000043ec00000, 0x000000043ec00000, 0x000000043f000000|  0%| F|  |TAMS 0x000000043ec00000, 0x000000043ec00000| Untracked 
| 196|0x000000043f000000, 0x000000043f000000, 0x000000043f400000|  0%| F|  |TAMS 0x000000043f000000, 0x000000043f000000| Untracked 
| 197|0x000000043f400000, 0x000000043f400000, 0x000000043f800000|  0%| F|  |TAMS 0x000000043f400000, 0x000000043f400000| Untracked 
| 198|0x000000043f800000, 0x000000043f800000, 0x000000043fc00000|  0%| F|  |TAMS 0x000000043f800000, 0x000000043f800000| Untracked 
| 199|0x000000043fc00000, 0x000000043fc00000, 0x0000000440000000|  0%| F|  |TAMS 0x000000043fc00000, 0x000000043fc00000| Untracked 
| 200|0x0000000440000000, 0x000000044030ac18, 0x0000000440400000| 76%| E|  |TAMS 0x0000000440000000, 0x0000000440000000| Complete 
| 201|0x0000000440400000, 0x0000000440800000, 0x0000000440800000|100%| E|CS|TAMS 0x0000000440400000, 0x0000000440400000| Complete 
| 202|0x0000000440800000, 0x0000000440c00000, 0x0000000440c00000|100%| E|CS|TAMS 0x0000000440800000, 0x0000000440800000| Complete 
| 203|0x0000000440c00000, 0x0000000441000000, 0x0000000441000000|100%| E|CS|TAMS 0x0000000440c00000, 0x0000000440c00000| Complete 
| 204|0x0000000441000000, 0x0000000441400000, 0x0000000441400000|100%| E|CS|TAMS 0x0000000441000000, 0x0000000441000000| Complete 
| 205|0x0000000441400000, 0x0000000441800000, 0x0000000441800000|100%| E|CS|TAMS 0x0000000441400000, 0x0000000441400000| Complete 
| 206|0x0000000441800000, 0x0000000441c00000, 0x0000000441c00000|100%| E|CS|TAMS 0x0000000441800000, 0x0000000441800000| Complete 
| 207|0x0000000441c00000, 0x0000000442000000, 0x0000000442000000|100%| E|CS|TAMS 0x0000000441c00000, 0x0000000441c00000| Complete 
| 208|0x0000000442000000, 0x0000000442400000, 0x0000000442400000|100%| E|CS|TAMS 0x0000000442000000, 0x0000000442000000| Complete 
| 209|0x0000000442400000, 0x0000000442800000, 0x0000000442800000|100%| E|CS|TAMS 0x0000000442400000, 0x0000000442400000| Complete 
| 210|0x0000000442800000, 0x0000000442c00000, 0x0000000442c00000|100%| E|CS|TAMS 0x0000000442800000, 0x0000000442800000| Complete 
| 211|0x0000000442c00000, 0x0000000443000000, 0x0000000443000000|100%| E|CS|TAMS 0x0000000442c00000, 0x0000000442c00000| Complete 
| 212|0x0000000443000000, 0x0000000443400000, 0x0000000443400000|100%| E|CS|TAMS 0x0000000443000000, 0x0000000443000000| Complete 
| 213|0x0000000443400000, 0x0000000443800000, 0x0000000443800000|100%| E|CS|TAMS 0x0000000443400000, 0x0000000443400000| Complete 
| 214|0x0000000443800000, 0x0000000443c00000, 0x0000000443c00000|100%| E|CS|TAMS 0x0000000443800000, 0x0000000443800000| Complete 
| 215|0x0000000443c00000, 0x0000000444000000, 0x0000000444000000|100%| E|CS|TAMS 0x0000000443c00000, 0x0000000443c00000| Complete 
| 216|0x0000000444000000, 0x0000000444400000, 0x0000000444400000|100%| E|CS|TAMS 0x0000000444000000, 0x0000000444000000| Complete 
| 217|0x0000000444400000, 0x0000000444800000, 0x0000000444800000|100%| E|CS|TAMS 0x0000000444400000, 0x0000000444400000| Complete 
| 218|0x0000000444800000, 0x0000000444c00000, 0x0000000444c00000|100%| E|CS|TAMS 0x0000000444800000, 0x0000000444800000| Complete 
| 219|0x0000000444c00000, 0x0000000445000000, 0x0000000445000000|100%| E|CS|TAMS 0x0000000444c00000, 0x0000000444c00000| Complete 
| 220|0x0000000445000000, 0x0000000445400000, 0x0000000445400000|100%| E|CS|TAMS 0x0000000445000000, 0x0000000445000000| Complete 
| 221|0x0000000445400000, 0x0000000445800000, 0x0000000445800000|100%| E|CS|TAMS 0x0000000445400000, 0x0000000445400000| Complete 
| 222|0x0000000445800000, 0x0000000445c00000, 0x0000000445c00000|100%| E|CS|TAMS 0x0000000445800000, 0x0000000445800000| Complete 
| 223|0x0000000445c00000, 0x0000000446000000, 0x0000000446000000|100%| E|CS|TAMS 0x0000000445c00000, 0x0000000445c00000| Complete 
| 224|0x0000000446000000, 0x0000000446400000, 0x0000000446400000|100%| E|CS|TAMS 0x0000000446000000, 0x0000000446000000| Complete 
| 225|0x0000000446400000, 0x0000000446800000, 0x0000000446800000|100%| E|CS|TAMS 0x0000000446400000, 0x0000000446400000| Complete 
| 226|0x0000000446800000, 0x0000000446c00000, 0x0000000446c00000|100%| E|CS|TAMS 0x0000000446800000, 0x0000000446800000| Complete 
| 227|0x0000000446c00000, 0x0000000447000000, 0x0000000447000000|100%| E|  |TAMS 0x0000000446c00000, 0x0000000446c00000| Complete 
| 228|0x0000000447000000, 0x0000000447205328, 0x0000000447400000| 50%| S|CS|TAMS 0x0000000447000000, 0x0000000447000000| Complete 
| 229|0x0000000447400000, 0x0000000447800000, 0x0000000447800000|100%| S|CS|TAMS 0x0000000447400000, 0x0000000447400000| Complete 
| 230|0x0000000447800000, 0x0000000447c00000, 0x0000000447c00000|100%| E|CS|TAMS 0x0000000447800000, 0x0000000447800000| Complete 
| 231|0x0000000447c00000, 0x0000000448000000, 0x0000000448000000|100%| E|CS|TAMS 0x0000000447c00000, 0x0000000447c00000| Complete 
| 232|0x0000000448000000, 0x0000000448400000, 0x0000000448400000|100%| E|CS|TAMS 0x0000000448000000, 0x0000000448000000| Complete 
| 233|0x0000000448400000, 0x0000000448800000, 0x0000000448800000|100%| E|CS|TAMS 0x0000000448400000, 0x0000000448400000| Complete 
| 234|0x0000000448800000, 0x0000000448c00000, 0x0000000448c00000|100%| E|CS|TAMS 0x0000000448800000, 0x0000000448800000| Complete 
| 235|0x0000000448c00000, 0x0000000449000000, 0x0000000449000000|100%| E|CS|TAMS 0x0000000448c00000, 0x0000000448c00000| Complete 
| 236|0x0000000449000000, 0x0000000449400000, 0x0000000449400000|100%| E|CS|TAMS 0x0000000449000000, 0x0000000449000000| Complete 
| 237|0x0000000449400000, 0x0000000449800000, 0x0000000449800000|100%| E|CS|TAMS 0x0000000449400000, 0x0000000449400000| Complete 
| 238|0x0000000449800000, 0x0000000449c00000, 0x0000000449c00000|100%| E|CS|TAMS 0x0000000449800000, 0x0000000449800000| Complete 
| 239|0x0000000449c00000, 0x000000044a000000, 0x000000044a000000|100%| E|CS|TAMS 0x0000000449c00000, 0x0000000449c00000| Complete 
| 240|0x000000044a000000, 0x000000044a400000, 0x000000044a400000|100%| E|CS|TAMS 0x000000044a000000, 0x000000044a000000| Complete 
| 241|0x000000044a400000, 0x000000044a800000, 0x000000044a800000|100%| E|CS|TAMS 0x000000044a400000, 0x000000044a400000| Complete 
| 242|0x000000044a800000, 0x000000044ac00000, 0x000000044ac00000|100%| E|CS|TAMS 0x000000044a800000, 0x000000044a800000| Complete 
| 243|0x000000044ac00000, 0x000000044b000000, 0x000000044b000000|100%| E|CS|TAMS 0x000000044ac00000, 0x000000044ac00000| Complete 
| 244|0x000000044b000000, 0x000000044b400000, 0x000000044b400000|100%| E|CS|TAMS 0x000000044b000000, 0x000000044b000000| Complete 
| 245|0x000000044b400000, 0x000000044b800000, 0x000000044b800000|100%| E|CS|TAMS 0x000000044b400000, 0x000000044b400000| Complete 
| 246|0x000000044b800000, 0x000000044bc00000, 0x000000044bc00000|100%| E|CS|TAMS 0x000000044b800000, 0x000000044b800000| Complete 
| 247|0x000000044bc00000, 0x000000044c000000, 0x000000044c000000|100%| E|CS|TAMS 0x000000044bc00000, 0x000000044bc00000| Complete 
| 248|0x000000044c000000, 0x000000044c400000, 0x000000044c400000|100%| E|CS|TAMS 0x000000044c000000, 0x000000044c000000| Complete 
| 249|0x000000044c400000, 0x000000044c800000, 0x000000044c800000|100%| E|CS|TAMS 0x000000044c400000, 0x000000044c400000| Complete 
| 250|0x000000044c800000, 0x000000044cc00000, 0x000000044cc00000|100%| E|CS|TAMS 0x000000044c800000, 0x000000044c800000| Complete 
| 251|0x000000044cc00000, 0x000000044d000000, 0x000000044d000000|100%| E|CS|TAMS 0x000000044cc00000, 0x000000044cc00000| Complete 
| 252|0x000000044d000000, 0x000000044d400000, 0x000000044d400000|100%| E|CS|TAMS 0x000000044d000000, 0x000000044d000000| Complete 

Card table byte_map: [0x0000021bce690000,0x0000021bd0620000] _byte_map_base: 0x0000021bcc620000

Marking Bits (Prev, Next): (CMBitMap*) 0x0000021bb4c33ec8, (CMBitMap*) 0x0000021bb4c33f00
 Prev Bits: [0x0000021bd25b0000, 0x0000021be2230000)
 Next Bits: [0x0000021be2230000, 0x0000021bf1eb0000)

Polling page: 0x0000021bb4340000

Metaspace:

Usage:
  Non-class:     47.28 MB capacity,    46.71 MB ( 99%) used,   466.94 KB ( <1%) free+waste,   115.81 KB ( <1%) overhead. 
      Class:      5.85 MB capacity,     5.44 MB ( 93%) used,   370.59 KB (  6%) free+waste,    53.13 KB ( <1%) overhead. 
       Both:     53.13 MB capacity,    52.15 MB ( 98%) used,   837.52 KB (  2%) free+waste,   168.94 KB ( <1%) overhead. 

Virtual space:
  Non-class space:       48.00 MB reserved,      47.42 MB ( 99%) committed 
      Class space:        1.00 GB reserved,       5.88 MB ( <1%) committed 
             Both:        1.05 GB reserved,      53.30 MB (  5%) committed 

Chunk freelists:
   Non-Class:  2.00 KB
       Class:  3.00 KB
        Both:  5.00 KB

CodeHeap 'non-profiled nmethods': size=119168Kb used=2455Kb max_used=2455Kb free=116713Kb
 bounds [0x0000021bc4a20000, 0x0000021bc4c90000, 0x0000021bcbe80000]
CodeHeap 'profiled nmethods': size=119168Kb used=10329Kb max_used=10329Kb free=108838Kb
 bounds [0x0000021bbd5c0000, 0x0000021bbdfe0000, 0x0000021bc4a20000]
CodeHeap 'non-nmethods': size=7424Kb used=3094Kb max_used=3127Kb free=4329Kb
 bounds [0x0000021bbce80000, 0x0000021bbd210000, 0x0000021bbd5c0000]
 total_blobs=6487 nmethods=4110 adapters=745
 compilation: enabled
              stopped_count=0, restarted_count=0
 full_count=0

Compilation events (10 events):
Event: 5.301 Thread 0x0000021bfeb82000 nmethod 4375% 0x0000021bc4c80a90 code [0x0000021bc4c80c40, 0x0000021bc4c813d8]
Event: 5.335 Thread 0x0000021bfeb84800 4376 % !   4       dx::rm @ 986 (1339 bytes)
Event: 5.338 Thread 0x0000021bfeb84800 nmethod 4376% 0x0000021bc4c81810 code [0x0000021bc4c819c0, 0x0000021bc4c81c58]
Event: 5.356 Thread 0x0000021bf53f1000 4377       3       pw::mp (6 bytes)
Event: 5.356 Thread 0x0000021bf53ef800 4378       3       pw::au (32 bytes)
Event: 5.356 Thread 0x0000021bf53ef800 nmethod 4378 0x0000021bbdfd9f90 code [0x0000021bbdfda160, 0x0000021bbdfda3f0]
Event: 5.356 Thread 0x0000021bf53f1000 nmethod 4377 0x0000021bbdfda510 code [0x0000021bbdfda6e0, 0x0000021bbdfdaa50]
Event: 5.376 Thread 0x0000021bfeb7a800 4379 % !   4       dx::rm @ 682 (1339 bytes)
Event: 5.384 Thread 0x0000021bfeb7a800 nmethod 4379% 0x0000021bc4c81e10 code [0x0000021bc4c81fc0, 0x0000021bc4c82838]
Event: 5.396 Thread 0x0000021bf5263000 4380   !   4       dx::rm (1339 bytes)

GC Heap History (8 events):
Event: 0.773 GC heap before
{Heap before GC invocations=0 (full 0):
 garbage-first heap   total 1036288K, used 36864K [0x000000040e000000, 0x0000000800000000)
  region size 4096K, 10 young (40960K), 0 survivors (0K)
 Metaspace       used 20722K, capacity 21203K, committed 21296K, reserved 1069056K
  class space    used 2187K, capacity 2416K, committed 2432K, reserved 1048576K
}
Event: 0.779 GC heap after
{Heap after GC invocations=1 (full 0):
 garbage-first heap   total 1036288K, used 6377K [0x000000040e000000, 0x0000000800000000)
  region size 4096K, 2 young (8192K), 2 survivors (8192K)
 Metaspace       used 20722K, capacity 21203K, committed 21296K, reserved 1069056K
  class space    used 2187K, capacity 2416K, committed 2432K, reserved 1048576K
}
Event: 2.815 GC heap before
{Heap before GC invocations=2 (full 0):
 garbage-first heap   total 1036288K, used 43241K [0x000000040e000000, 0x0000000800000000)
  region size 4096K, 12 young (49152K), 2 survivors (8192K)
 Metaspace       used 33771K, capacity 34464K, committed 34736K, reserved 1079296K
  class space    used 3713K, capacity 4010K, committed 4096K, reserved 1048576K
}
Event: 2.819 GC heap after
{Heap after GC invocations=3 (full 0):
 garbage-first heap   total 1036288K, used 9735K [0x000000040e000000, 0x0000000800000000)
  region size 4096K, 1 young (4096K), 1 survivors (4096K)
 Metaspace       used 33771K, capacity 34464K, committed 34736K, reserved 1079296K
  class space    used 3713K, capacity 4010K, committed 4096K, reserved 1048576K
}
Event: 3.123 GC heap before
{Heap before GC invocations=3 (full 0):
 garbage-first heap   total 1036288K, used 67079K [0x000000040e000000, 0x0000000800000000)
  region size 4096K, 17 young (69632K), 1 survivors (4096K)
 Metaspace       used 35023K, capacity 35739K, committed 35888K, reserved 1081344K
  class space    used 3818K, capacity 4115K, committed 4224K, reserved 1048576K
}
Event: 3.125 GC heap after
{Heap after GC invocations=4 (full 0):
 garbage-first heap   total 1036288K, used 10522K [0x000000040e000000, 0x0000000800000000)
  region size 4096K, 2 young (8192K), 2 survivors (8192K)
 Metaspace       used 35023K, capacity 35739K, committed 35888K, reserved 1081344K
  class space    used 3818K, capacity 4115K, committed 4224K, reserved 1048576K
}
Event: 3.447 GC heap before
{Heap before GC invocations=5 (full 0):
 garbage-first heap   total 1036288K, used 92442K [0x000000040e000000, 0x0000000800000000)
  region size 4096K, 23 young (94208K), 2 survivors (8192K)
 Metaspace       used 46748K, capacity 47588K, committed 47920K, reserved 1091584K
  class space    used 4783K, capacity 5128K, committed 5248K, reserved 1048576K
}
Event: 3.448 GC heap after
{Heap after GC invocations=6 (full 0):
 garbage-first heap   total 1036288K, used 12384K [0x000000040e000000, 0x0000000800000000)
  region size 4096K, 2 young (8192K), 2 survivors (8192K)
 Metaspace       used 46748K, capacity 47588K, committed 47920K, reserved 1091584K
  class space    used 4783K, capacity 5128K, committed 5248K, reserved 1048576K
}

Deoptimization events (10 events):
Event: 5.137 Thread 0x0000021bfeb80800 Uncommon trap: reason=profile_predicate action=maybe_recompile pc=0x0000021bc4c3f690 method=ut.aj([I[B[IIIIIII)V @ 54 c2
Event: 5.145 Thread 0x0000021bfeb80800 Uncommon trap: reason=profile_predicate action=maybe_recompile pc=0x0000021bc4c3f690 method=ut.aj([I[B[IIIIIII)V @ 54 c2
Event: 5.156 Thread 0x0000021bfeb80800 Uncommon trap: reason=profile_predicate action=maybe_recompile pc=0x0000021bc4c3f690 method=ut.aj([I[B[IIIIIII)V @ 54 c2
Event: 5.257 Thread 0x0000021bfeb80800 Uncommon trap: reason=unreached action=reinterpret pc=0x0000021bc4c6e648 method=dx.rm(Ldx;II)V @ 955 c2
Event: 5.296 Thread 0x0000021bfeb80800 Uncommon trap: reason=profile_predicate action=maybe_recompile pc=0x0000021bc4c7f9cc method=dx.rm(Ldx;II)V @ 949 c2
Event: 5.335 Thread 0x0000021bfeb80800 Uncommon trap: reason=profile_predicate action=maybe_recompile pc=0x0000021bc4c7f9cc method=dx.rm(Ldx;II)V @ 949 c2
Event: 5.335 Thread 0x0000021bfeb80800 Uncommon trap: reason=profile_predicate action=maybe_recompile pc=0x0000021bc4c812ec method=dx.rm(Ldx;II)V @ 991 c2
Event: 5.376 Thread 0x0000021bfeb80800 Uncommon trap: reason=profile_predicate action=maybe_recompile pc=0x0000021bc4c7f9cc method=dx.rm(Ldx;II)V @ 949 c2
Event: 5.376 Thread 0x0000021bfeb80800 Uncommon trap: reason=profile_predicate action=maybe_recompile pc=0x0000021bc4c812ec method=dx.rm(Ldx;II)V @ 991 c2
Event: 5.416 Thread 0x0000021bfeb80800 Uncommon trap: reason=profile_predicate action=maybe_recompile pc=0x0000021bc4c72de4 method=dx.rm(Ldx;II)V @ 949 c2

Classes redefined (0 events):
No events

Internal exceptions (10 events):
Event: 4.931 Thread 0x0000021bfeb80800 Exception <a 'java/lang/NullPointerException'{0x00000004417336f0}> (0x00000004417336f0) thrown at [t:/workspace/open/src/hotspot/share/runtime/sharedRuntime.cpp, line 584]
Event: 4.998 Thread 0x0000021bfeb80800 Implicit null exception at 0x0000021bbde885d4 to 0x0000021bbde8a111
Event: 4.998 Thread 0x0000021bfeb80800 Exception <a 'java/lang/NullPointerException'{0x000000044176c4b0}> (0x000000044176c4b0) thrown at [t:/workspace/open/src/hotspot/share/runtime/sharedRuntime.cpp, line 584]
Event: 4.998 Thread 0x0000021bfeb80800 Implicit null exception at 0x0000021bbde890f8 to 0x0000021bbde8a15f
Event: 4.998 Thread 0x0000021bfeb80800 Exception <a 'java/lang/NullPointerException'{0x000000044176c780}> (0x000000044176c780) thrown at [t:/workspace/open/src/hotspot/share/runtime/sharedRuntime.cpp, line 584]
Event: 5.009 Thread 0x0000021bfeb80800 Exception <a 'java/lang/ArrayIndexOutOfBoundsException'{0x00000004417a92a8}: Index 0 out of bounds for length 0> (0x00000004417a92a8) thrown at [t:/workspace/open/src/hotspot/share/interpreter/interpreterRuntime.cpp, line 459]
Event: 5.015 Thread 0x0000021bfeb80800 Implicit null exception at 0x0000021bbde885d4 to 0x0000021bbde8a111
Event: 5.015 Thread 0x0000021bfeb80800 Exception <a 'java/lang/NullPointerException'{0x00000004417ab228}> (0x00000004417ab228) thrown at [t:/workspace/open/src/hotspot/share/runtime/sharedRuntime.cpp, line 584]
Event: 5.015 Thread 0x0000021bfeb80800 Implicit null exception at 0x0000021bbde890f8 to 0x0000021bbde8a15f
Event: 5.015 Thread 0x0000021bfeb80800 Exception <a 'java/lang/NullPointerException'{0x00000004417ab4f8}> (0x00000004417ab4f8) thrown at [t:/workspace/open/src/hotspot/share/runtime/sharedRuntime.cpp, line 584]

Events (10 events):
Event: 5.406 loading class net/runelite/client/plugins/menuentryswapper/GEItemCollectMode done
Event: 5.409 loading class net/runelite/client/plugins/menuentryswapper/HouseAdvertisementMode
Event: 5.409 loading class net/runelite/client/plugins/menuentryswapper/HouseAdvertisementMode done
Event: 5.412 loading class net/runelite/client/plugins/menuentryswapper/HouseMode
Event: 5.412 loading class net/runelite/client/plugins/menuentryswapper/HouseMode done
Event: 5.415 loading class net/runelite/client/plugins/menuentryswapper/MenuEntrySwapperConfig
Event: 5.415 loading class net/runelite/client/plugins/menuentryswapper/MenuEntrySwapperConfig done
Event: 5.416 Thread 0x0000021bfeb80800 Uncommon trap: trap_request=0xffffffbe fr.pc=0x0000021bc4c72de4 relative=0x00000000000018c4
Event: 5.416 Thread 0x0000021bfeb80800 DEOPT PACKING pc=0x0000021bc4c72de4 sp=0x000000be4eaeeac0
Event: 5.416 Thread 0x0000021bfeb80800 DEOPT UNPACKING pc=0x0000021bbce8802f sp=0x000000be4eaeea60 mode 2


Dynamic libraries:
0x00007ff6a5770000 - 0x00007ff6a57b5000 	C:\Users\timle\Development\Tools\jdk-11.0.2\bin\java.exe
0x00007ffe31710000 - 0x00007ffe31927000 	C:\Windows\SYSTEM32\ntdll.dll
0x00007ffe30b20000 - 0x00007ffe30be4000 	C:\Windows\System32\KERNEL32.DLL
0x00007ffe2ed50000 - 0x00007ffe2f0f6000 	C:\Windows\System32\KERNELBASE.dll
0x00007ffe2fd60000 - 0x00007ffe2ff0e000 	C:\Windows\System32\USER32.dll
0x00007ffe2f170000 - 0x00007ffe2f196000 	C:\Windows\System32\win32u.dll
0x00007ffe30120000 - 0x00007ffe30149000 	C:\Windows\System32\GDI32.dll
0x00007ffe2eb70000 - 0x00007ffe2ec88000 	C:\Windows\System32\gdi32full.dll
0x00007ffe2ead0000 - 0x00007ffe2eb6a000 	C:\Windows\System32\msvcp_win.dll
0x00007ffe2f1a0000 - 0x00007ffe2f2b1000 	C:\Windows\System32\ucrtbase.dll
0x00007ffe192d0000 - 0x00007ffe19563000 	C:\Windows\WinSxS\amd64_microsoft.windows.common-controls_6595b64144ccf1df_6.0.22621.2506_none_270c5ae97388e100\COMCTL32.dll
0x00007ffe30a70000 - 0x00007ffe30b17000 	C:\Windows\System32\msvcrt.dll
0x00007ffe301d0000 - 0x00007ffe30201000 	C:\Windows\System32\IMM32.DLL
0x00007ffdfde90000 - 0x00007ffdfdea6000 	C:\Users\timle\Development\Tools\jdk-11.0.2\bin\vcruntime140.dll
0x00007ffdb1f90000 - 0x00007ffdb203a000 	C:\Users\timle\Development\Tools\jdk-11.0.2\bin\msvcp140.dll
0x00007ffd81880000 - 0x00007ffd823a3000 	C:\Users\timle\Development\Tools\jdk-11.0.2\bin\server\jvm.dll
0x00007ffe31330000 - 0x00007ffe313e3000 	C:\Windows\System32\ADVAPI32.dll
0x00007ffe2fb00000 - 0x00007ffe2fba8000 	C:\Windows\System32\sechost.dll
0x00007ffe2f430000 - 0x00007ffe2f458000 	C:\Windows\System32\bcrypt.dll
0x00007ffe2fbb0000 - 0x00007ffe2fcc7000 	C:\Windows\System32\RPCRT4.dll
0x00007ffe2fcd0000 - 0x00007ffe2fcd8000 	C:\Windows\System32\PSAPI.DLL
0x00007ffe25230000 - 0x00007ffe25264000 	C:\Windows\SYSTEM32\WINMM.dll
0x00007ffe21ea0000 - 0x00007ffe21ea9000 	C:\Windows\SYSTEM32\WSOCK32.dll
0x00007ffe2fce0000 - 0x00007ffe2fd51000 	C:\Windows\System32\WS2_32.dll
0x00007ffe27e00000 - 0x00007ffe27e0a000 	C:\Windows\SYSTEM32\VERSION.dll
0x00007ffe2dad0000 - 0x00007ffe2dae8000 	C:\Windows\SYSTEM32\kernel.appcore.dll
0x00007ffdfde50000 - 0x00007ffdfde61000 	C:\Users\timle\Development\Tools\jdk-11.0.2\bin\verify.dll
0x00007ffe27160000 - 0x00007ffe27393000 	C:\Windows\SYSTEM32\DBGHELP.DLL
0x00007ffe30c90000 - 0x00007ffe31019000 	C:\Windows\System32\combase.dll
0x00007ffe314f0000 - 0x00007ffe315c7000 	C:\Windows\System32\OLEAUT32.dll
0x00007ffe1aba0000 - 0x00007ffe1abd2000 	C:\Windows\SYSTEM32\dbgcore.DLL
0x00007ffe2ea50000 - 0x00007ffe2eaca000 	C:\Windows\System32\bcryptPrimitives.dll
0x00007ffdf8c50000 - 0x00007ffdf8c78000 	C:\Users\timle\Development\Tools\jdk-11.0.2\bin\java.dll
0x00007ffdd5f80000 - 0x00007ffdd5faf000 	C:\Users\timle\Development\Tools\jdk-11.0.2\bin\instrument.dll
0x00007ffdfc710000 - 0x00007ffdfc726000 	C:\Users\timle\Development\Tools\jdk-11.0.2\bin\zip.dll
0x00007ffe1bfa0000 - 0x00007ffe1bfaa000 	C:\Users\timle\Development\Tools\jdk-11.0.2\bin\jimage.dll
0x00007ffe30210000 - 0x00007ffe30a6a000 	C:\Windows\System32\SHELL32.dll
0x00007ffe2c960000 - 0x00007ffe2d256000 	C:\Windows\SYSTEM32\windows.storage.dll
0x00007ffe2c820000 - 0x00007ffe2c95e000 	C:\Windows\SYSTEM32\wintypes.dll
0x00007ffe315d0000 - 0x00007ffe316c3000 	C:\Windows\System32\SHCORE.dll
0x00007ffe300c0000 - 0x00007ffe3011e000 	C:\Windows\System32\shlwapi.dll
0x00007ffe2e980000 - 0x00007ffe2e9a6000 	C:\Windows\SYSTEM32\profapi.dll
0x00007ffdfac80000 - 0x00007ffdfac99000 	C:\Users\timle\Development\Tools\jdk-11.0.2\bin\net.dll
0x00007ffe28c70000 - 0x00007ffe28da7000 	C:\Windows\SYSTEM32\WINHTTP.dll
0x00007ffe1e4a0000 - 0x00007ffe1e690000 	C:\Windows\SYSTEM32\urlmon.dll
0x00007ffe1dcb0000 - 0x00007ffe1df6c000 	C:\Windows\SYSTEM32\iertutil.dll
0x00007ffe2d520000 - 0x00007ffe2d52c000 	C:\Windows\SYSTEM32\netutils.dll
0x00007ffe1fe60000 - 0x00007ffe1fe88000 	C:\Windows\SYSTEM32\srvcli.dll
0x00007ffe2dfb0000 - 0x00007ffe2e019000 	C:\Windows\system32\mswsock.dll
0x00007ffdf80f0000 - 0x00007ffdf8103000 	C:\Users\timle\Development\Tools\jdk-11.0.2\bin\nio.dll
0x00007ffdf7ec0000 - 0x00007ffdf7eda000 	C:\Program Files\JetBrains\IntelliJ IDEA Community Edition 2023.3.2\bin\breakgen64.dll
0x00007ffdf6ef0000 - 0x00007ffdf6f17000 	C:\Users\timle\Development\Tools\jdk-11.0.2\bin\sunec.dll
0x00007ffe197a0000 - 0x00007ffe197ad000 	C:\Users\timle\Development\Tools\jdk-11.0.2\bin\sunmscapi.dll
0x00007ffe2f2c0000 - 0x00007ffe2f426000 	C:\Windows\System32\CRYPT32.dll
0x00007ffe2e3e0000 - 0x00007ffe2e40e000 	C:\Windows\SYSTEM32\ncrypt.dll
0x00007ffe2e3a0000 - 0x00007ffe2e3d7000 	C:\Windows\SYSTEM32\NTASN1.dll
0x00007ffe2e6f0000 - 0x00007ffe2e702000 	C:\Windows\SYSTEM32\MSASN1.dll
0x00007ffe2e220000 - 0x00007ffe2e23b000 	C:\Windows\SYSTEM32\CRYPTSP.dll
0x00007ffe2da90000 - 0x00007ffe2dac5000 	C:\Windows\system32\rsaenh.dll
0x00007ffe2e240000 - 0x00007ffe2e24c000 	C:\Windows\SYSTEM32\CRYPTBASE.dll
0x00007ffe2e040000 - 0x00007ffe2e066000 	C:\Windows\SYSTEM32\gpapi.dll
0x00007ffe2e080000 - 0x00007ffe2e0ac000 	C:\Windows\SYSTEM32\USERENV.dll
0x00007ffe2d530000 - 0x00007ffe2d55d000 	C:\Windows\SYSTEM32\IPHLPAPI.DLL
0x00007ffe31320000 - 0x00007ffe31329000 	C:\Windows\System32\NSI.dll
0x00007ffe28bc0000 - 0x00007ffe28bd9000 	C:\Windows\SYSTEM32\dhcpcsvc6.DLL
0x00007ffe28ba0000 - 0x00007ffe28bbf000 	C:\Windows\SYSTEM32\dhcpcsvc.DLL
0x00007ffe2d5a0000 - 0x00007ffe2d699000 	C:\Windows\SYSTEM32\DNSAPI.dll
0x00007ffd816e0000 - 0x00007ffd8187e000 	C:\Users\timle\Development\Tools\jdk-11.0.2\bin\awt.dll
0x00007ffe2a870000 - 0x00007ffe2ae5e000 	C:\Windows\SYSTEM32\d2d1.dll
0x00007ffe2bc30000 - 0x00007ffe2bcc7000 	C:\Windows\SYSTEM32\apphelp.dll
0x00007ffe2bea0000 - 0x00007ffe2bf4b000 	C:\Windows\system32\uxtheme.dll
0x00007ffe31180000 - 0x00007ffe312d0000 	C:\Windows\System32\MSCTF.dll
0x00007ffe2ff20000 - 0x00007ffe300c0000 	C:\Windows\System32\ole32.dll
0x00007ffe2c120000 - 0x00007ffe2c14b000 	C:\Windows\system32\DWMAPI.DLL
0x00007ffdbe9a0000 - 0x00007ffdbeaa0000 	C:\Windows\system32\opengl32.dll
0x00007ffdbe4d0000 - 0x00007ffdbe4fd000 	C:\Windows\SYSTEM32\GLU32.dll
0x00007ffe2c190000 - 0x00007ffe2c1c6000 	C:\Windows\SYSTEM32\dxcore.dll
0x00007ffe0a190000 - 0x00007ffe0a339000 	C:\Windows\system32\d3d9.dll
0x00007ffe1a340000 - 0x00007ffe1a3fe000 	C:\Windows\System32\DriverStore\FileRepository\nv_dispsig.inf_amd64_1b8f9115c198ff0c\nvldumdx.dll
0x00007ffe27dc0000 - 0x00007ffe27df2000 	C:\Windows\SYSTEM32\cryptnet.dll
0x00007ffe27b90000 - 0x00007ffe27ce8000 	C:\Windows\SYSTEM32\drvstore.dll
0x00007ffe2e710000 - 0x00007ffe2e73c000 	C:\Windows\SYSTEM32\devobj.dll
0x00007ffe2e740000 - 0x00007ffe2e78e000 	C:\Windows\SYSTEM32\cfgmgr32.dll
0x00007ffe2e2f0000 - 0x00007ffe2e33b000 	C:\Windows\SYSTEM32\wldp.dll
0x00007ffe2f100000 - 0x00007ffe2f16b000 	C:\Windows\System32\wintrust.dll
0x00007ffe310d0000 - 0x00007ffe310ef000 	C:\Windows\System32\imagehlp.dll
0x00007ffe14730000 - 0x00007ffe1694d000 	C:\Windows\System32\DriverStore\FileRepository\nv_dispsig.inf_amd64_1b8f9115c198ff0c\nvgpucomp64.dll
0x00007ffdd2620000 - 0x00007ffdd49cf000 	C:\Windows\System32\DriverStore\FileRepository\nv_dispsig.inf_amd64_1b8f9115c198ff0c\nvd3dumx.dll
0x00007ffe1fe90000 - 0x00007ffe1feda000 	C:\Windows\SYSTEM32\directxdatabasehelper.dll
0x00007ffdb3aa0000 - 0x00007ffdb3d71000 	C:\Windows\system32\nvspcap64.dll
0x00007ffe2db50000 - 0x00007ffe2db84000 	C:\Windows\SYSTEM32\ntmarta.dll
0x00007ffd88a30000 - 0x00007ffd88ab0000 	C:\Users\timle\Development\Tools\jdk-11.0.2\bin\freetype.dll
0x00007ffdb2910000 - 0x00007ffdb297f000 	C:\Users\timle\Development\Tools\jdk-11.0.2\bin\fontmanager.dll
0x00007ffe1ee90000 - 0x00007ffe1efda000 	C:\Windows\SYSTEM32\textinputframework.dll
0x00007ffe23150000 - 0x00007ffe2315a000 	C:\Windows\System32\rasadhlp.dll
0x00007ffe06080000 - 0x00007ffe06089000 	C:\Users\timle\Development\Tools\jdk-11.0.2\bin\management.dll
0x00007ffe283b0000 - 0x00007ffe28433000 	C:\Windows\System32\fwpuclnt.dll
0x00007ffdff670000 - 0x00007ffdff67c000 	C:\Users\timle\Development\Tools\jdk-11.0.2\bin\management_ext.dll
0x00007ffdb3590000 - 0x00007ffdb35d4000 	C:\Users\timle\AppData\Local\Temp\jna-110364689\jna2253725871179989920.dll
0x00007ffd81640000 - 0x00007ffd816dc000 	C:\Users\timle\AppData\Local\Temp\jna-110364689\jna4010608544845645676.dll
0x00007ffdef3b0000 - 0x00007ffdef3c2000 	C:\Users\timle\Development\Tools\jdk-11.0.2\bin\jsound.dll
0x00007ffe19070000 - 0x00007ffe19112000 	C:\Windows\SYSTEM32\DSOUND.dll
0x00007ffe16b60000 - 0x00007ffe16c11000 	C:\Windows\SYSTEM32\ResampleDmo.DLL
0x00007ffe2d890000 - 0x00007ffe2d8dd000 	C:\Windows\SYSTEM32\powrprof.dll
0x00007ffe1fe30000 - 0x00007ffe1fe59000 	C:\Windows\SYSTEM32\winmmbase.dll
0x00007ffe19770000 - 0x00007ffe1977b000 	C:\Windows\SYSTEM32\msdmo.dll
0x00007ffe2d870000 - 0x00007ffe2d883000 	C:\Windows\SYSTEM32\UMPDC.dll
0x00007ffe31020000 - 0x00007ffe310d0000 	C:\Windows\System32\clbcatq.dll
0x00007ffe244d0000 - 0x00007ffe2456d000 	C:\Windows\System32\MMDevApi.dll
0x00007ffe1bad0000 - 0x00007ffe1bb16000 	C:\Windows\SYSTEM32\wdmaud.drv
0x00007ffe21c20000 - 0x00007ffe21c29000 	C:\Windows\SYSTEM32\ksuser.dll
0x00007ffe26760000 - 0x00007ffe2676b000 	C:\Windows\SYSTEM32\AVRT.dll
0x00007ffe20f60000 - 0x00007ffe2114c000 	C:\Windows\SYSTEM32\AUDIOSES.DLL
0x00007ffe215a0000 - 0x00007ffe215ae000 	C:\Windows\SYSTEM32\msacm32.drv
0x00007ffe1bf10000 - 0x00007ffe1bf2e000 	C:\Windows\SYSTEM32\MSACM32.dll
0x00007ffe1bf70000 - 0x00007ffe1bf7b000 	C:\Windows\SYSTEM32\midimap.dll
0x00007ffe2c430000 - 0x00007ffe2c445000 	C:\Windows\SYSTEM32\resourcepolicyclient.dll
0x00007ffe1a720000 - 0x00007ffe1a894000 	C:\Windows\System32\Windows.UI.dll
0x00007ffde2cd0000 - 0x00007ffde2cfd000 	C:\Users\timle\Development\Tools\jdk-11.0.2\bin\javajpeg.dll

dbghelp: loaded successfully - version: 4.0.5 - missing functions: none
symbol engine: initialized successfully - sym options: 0x614 - pdb path: .;C:\Users\timle\Development\Tools\jdk-11.0.2\bin;C:\Windows\SYSTEM32;C:\Windows\WinSxS\amd64_microsoft.windows.common-controls_6595b64144ccf1df_6.0.22621.2506_none_270c5ae97388e100;C:\Users\timle\Development\Tools\jdk-11.0.2\bin\server;C:\Program Files\JetBrains\IntelliJ IDEA Community Edition 2023.3.2\bin;C:\Windows\System32\DriverStore\FileRepository\nv_dispsig.inf_amd64_1b8f9115c198ff0c;C:\Users\timle\AppData\Local\Temp\jna-110364689

VM Arguments:
jvm_args: -javaagent:C:\Program Files\JetBrains\IntelliJ IDEA Community Edition 2023.3.2\lib\idea_rt.jar=51285:C:\Program Files\JetBrains\IntelliJ IDEA Community Edition 2023.3.2\bin -Dfile.encoding=UTF-8 
java_command: net.runelite.client.RuneLite
java_class_path (initial): C:\Users\timle\Development\runelite worldmap\runelite\runelite-client\target\classes;C:\Users\timle\.m2\repository\org\slf4j\slf4j-api\1.7.25\slf4j-api-1.7.25.jar;C:\Users\timle\.m2\repository\ch\qos\logback\logback-classic\1.2.9\logback-classic-1.2.9.jar;C:\Users\timle\.m2\repository\ch\qos\logback\logback-core\1.2.9\logback-core-1.2.9.jar;C:\Users\timle\.m2\repository\net\sf\jopt-simple\jopt-simple\5.0.1\jopt-simple-5.0.1.jar;C:\Users\timle\.m2\repository\com\google\guava\guava\23.2-jre\guava-23.2-jre.jar;C:\Users\timle\.m2\repository\com\google\inject\guice\4.1.0\guice-4.1.0-no_aop.jar;C:\Users\timle\.m2\repository\javax\inject\javax.inject\1\javax.inject-1.jar;C:\Users\timle\.m2\repository\aopalliance\aopalliance\1.0\aopalliance-1.0.jar;C:\Users\timle\.m2\repository\com\google\code\gson\gson\2.8.5\gson-2.8.5.jar;C:\Users\timle\.m2\repository\net\runelite\flatlaf\3.2.5-rl1\flatlaf-3.2.5-rl1.jar;C:\Users\timle\.m2\repository\org\apache\commons\commons-text\1.2\commons-text-1.2.jar;C:\Users\timle\.m2\repository\org\apache\commons\commons-lang3\3.7\commons-lang3-3.7.jar;C:\Users\timle\.m2\repository\net\runelite\archive-patcher\archive-patcher-applier\1.2\archive-patcher-applier-1.2.jar;C:\Users\timle\.m2\repository\net\java\dev\jna\jna\5.9.0\jna-5.9.0.jar;C:\Users\timle\.m2\repository\net\java\dev\jna\jna-platform\5.9.0\jna-platform-5.9.0.jar;C:\Users\timle\.m2\repository\com\google\code\findbugs\jsr305\3.0.2\jsr305-3.0.2.jar;C:\Users\timle\.m2\repository\com\google\protobuf\protobuf-javalite\3.21.12\protobuf-javalite-3.21.12.jar;C:\Users\timle\.m2\repository\net\runelite\rlawt\1.4\rlawt-1.4.jar;C:\Users\timle\.m2\repository\org\lwjgl\lwjgl\3.3.2\lwjgl-3.3.2.jar;C:\Users\timle\.m2\repository\org\lwjgl\lwjgl\3.3.2\lwjgl-3.3.2-natives-linux.jar;C:\Users\timle\.m2\repository\org\lwjgl\lwjgl\3.3.2\lwjgl-3.3.2-natives-macos.jar;C:\Users\timle\.m2\repository\org\lwjgl\lwjgl\3.3.2\lwjgl-3.3.2-natives-macos-arm64.jar;C:\Users\timle\.m2\reposito
Launcher Type: SUN_STANDARD

[Global flags]
     intx CICompilerCount                          = 12                                        {product} {ergonomic}
     uint ConcGCThreads                            = 3                                         {product} {ergonomic}
     uint G1ConcRefinementThreads                  = 13                                        {product} {ergonomic}
   size_t G1HeapRegionSize                         = 4194304                                   {product} {ergonomic}
    uintx GCDrainStackTargetSize                   = 64                                        {product} {ergonomic}
   size_t InitialHeapSize                          = 1061158912                                {product} {ergonomic}
   size_t MarkStackSize                            = 4194304                                   {product} {ergonomic}
   size_t MaxHeapSize                              = 16944988160                               {product} {ergonomic}
   size_t MaxNewSize                               = 10166992896                               {product} {ergonomic}
   size_t MinHeapDeltaBytes                        = 4194304                                   {product} {ergonomic}
    uintx NonNMethodCodeHeapSize                   = 7591728                                {pd product} {ergonomic}
    uintx NonProfiledCodeHeapSize                  = 122033256                              {pd product} {ergonomic}
    uintx ProfiledCodeHeapSize                     = 122033256                              {pd product} {ergonomic}
    uintx ReservedCodeCacheSize                    = 251658240                              {pd product} {ergonomic}
     bool SegmentedCodeCache                       = true                                      {product} {ergonomic}
     bool UseCompressedClassPointers               = true                                 {lp64_product} {ergonomic}
     bool UseCompressedOops                        = true                                 {lp64_product} {ergonomic}
     bool UseG1GC                                  = true                                      {product} {ergonomic}
     bool UseLargePagesIndividualAllocation        = false                                  {pd product} {ergonomic}

Logging:
Log output configuration:
 #0: stdout all=warning uptime,level,tags
 #1: stderr all=off uptime,level,tags

Environment Variables:
PATH=C:\Windows\system32;C:\Windows;C:\Windows\System32\Wbem;C:\Windows\System32\WindowsPowerShell\v1.0\;C:\Windows\System32\OpenSSH\;C:\Program Files\Git\cmd;C:\Program Files (x86)\NVIDIA Corporation\PhysX\Common;C:\Program Files\NVIDIA Corporation\NVIDIA NvDLISR;C:\Windows\system32;C:\Windows;C:\Windows\System32\Wbem;C:\Windows\System32\WindowsPowerShell\v1.0\;C:\Windows\System32\OpenSSH\;C:\Program Files\Git\cmd;C:\Users\timle\AppData\Local\Programs\Python\Python312\Scripts\;C:\Users\timle\AppData\Local\Programs\Python\Python312\;C:\Users\timle\AppData\Local\Microsoft\WindowsApps;;C:\Program Files\Apache NetBeans\jdk\bin
USERNAME=timle
OS=Windows_NT
PROCESSOR_IDENTIFIER=AMD64 Family 25 Model 97 Stepping 2, AuthenticAMD



---------------  S Y S T E M  ---------------

OS: Windows 10 , 64 bit Build 22621 (10.0.22621.2506)

CPU:total 16 (initial active 16) (16 cores per cpu, 2 threads per core) family 25 model 97 stepping 2, cmov, cx8, fxsr, mmx, sse, sse2, sse3, ssse3, sse4.1, sse4.2, popcnt, avx, avx2, aes, clmul, erms, mmxext, 3dnowpref, lzcnt, sse4a, ht, tsc, tscinvbit, tscinv, bmi1, bmi2, adx, evex, sh

Memory: 4k page, system-wide physical 64631M (50414M free)
TotalPageFile size 73847M (AvailPageFile size 53713M)
current process WorkingSet (physical memory assigned to process): 439M, peak: 461M
current process commit charge ("private bytes"): 1288M, peak: 1309M

vm_info: OpenJDK 64-Bit Server VM (11.0.2+9) for windows-amd64 JRE (11.0.2+9), built on Jan 18 2019 05:23:22 by "mach5one" with MS VC++ 15.5 (VS2017)

END.
